Start testing: Jul 05 16:41 IST
----------------------------------------------------------
1/165 Testing: array_utils_test
1/165 Test: array_utils_test
Command: "/home/drone/Documents/ceres-bin/bin/array_utils_test" "--test_srcdir" "/home/drone/Documents/ceres-solver/data"
Directory: /home/drone/Documents/ceres-bin/internal/ceres
"array_utils_test" start time: Jul 05 16:41 IST
Output:
----------------------------------------------------------
Running main() from gmock_main.cc
[==========] Running 5 tests from 2 test suites.
[----------] Global test environment set-up.
[----------] 2 tests from ArrayUtils
[ RUN      ] ArrayUtils.IsArrayValid
[       OK ] ArrayUtils.IsArrayValid (0 ms)
[ RUN      ] ArrayUtils.FindInvalidIndex
[       OK ] ArrayUtils.FindInvalidIndex (0 ms)
[----------] 2 tests from ArrayUtils (0 ms total)

[----------] 3 tests from MapValuesToContiguousRange
[ RUN      ] MapValuesToContiguousRange.ContiguousEntries
[       OK ] MapValuesToContiguousRange.ContiguousEntries (0 ms)
[ RUN      ] MapValuesToContiguousRange.NonContiguousEntries
[       OK ] MapValuesToContiguousRange.NonContiguousEntries (0 ms)
[ RUN      ] MapValuesToContiguousRange.NonContiguousRepeatingEntries
[       OK ] MapValuesToContiguousRange.NonContiguousRepeatingEntries (0 ms)
[----------] 3 tests from MapValuesToContiguousRange (0 ms total)

[----------] Global test environment tear-down
[==========] 5 tests from 2 test suites ran. (0 ms total)
[  PASSED  ] 5 tests.
<end of output>
Test time =   0.00 sec
----------------------------------------------------------
Test Passed.
"array_utils_test" end time: Jul 05 16:41 IST
"array_utils_test" time elapsed: 00:00:00
----------------------------------------------------------

2/165 Testing: array_selector_test
2/165 Test: array_selector_test
Command: "/home/drone/Documents/ceres-bin/bin/array_selector_test" "--test_srcdir" "/home/drone/Documents/ceres-solver/data"
Directory: /home/drone/Documents/ceres-bin/internal/ceres
"array_selector_test" start time: Jul 05 16:41 IST
Output:
----------------------------------------------------------
Running main() from gmock_main.cc
[==========] Running 3 tests from 1 test suite.
[----------] Global test environment set-up.
[----------] 3 tests from ArraySelector
[ RUN      ] ArraySelector.FixedArray
[       OK ] ArraySelector.FixedArray (0 ms)
[ RUN      ] ArraySelector.Array
[       OK ] ArraySelector.Array (0 ms)
[ RUN      ] ArraySelector.Vector
[       OK ] ArraySelector.Vector (0 ms)
[----------] 3 tests from ArraySelector (0 ms total)

[----------] Global test environment tear-down
[==========] 3 tests from 1 test suite ran. (0 ms total)
[  PASSED  ] 3 tests.
<end of output>
Test time =   0.00 sec
----------------------------------------------------------
Test Passed.
"array_selector_test" end time: Jul 05 16:41 IST
"array_selector_test" time elapsed: 00:00:00
----------------------------------------------------------

3/165 Testing: autodiff_test
3/165 Test: autodiff_test
Command: "/home/drone/Documents/ceres-bin/bin/autodiff_test" "--test_srcdir" "/home/drone/Documents/ceres-solver/data"
Directory: /home/drone/Documents/ceres-bin/internal/ceres
"autodiff_test" start time: Jul 05 16:41 IST
Output:
----------------------------------------------------------
Running main() from gmock_main.cc
[==========] Running 5 tests from 1 test suite.
[----------] Global test environment set-up.
[----------] 5 tests from AutoDiff
[ RUN      ] AutoDiff.ProjectiveCameraModel
[       OK ] AutoDiff.ProjectiveCameraModel (0 ms)
[ RUN      ] AutoDiff.Metric
[       OK ] AutoDiff.Metric (0 ms)
[ RUN      ] AutoDiff.VaryingNumberOfResidualsForOneCostFunctorType
[       OK ] AutoDiff.VaryingNumberOfResidualsForOneCostFunctorType (0 ms)
[ RUN      ] AutoDiff.VariadicAutoDiff
[       OK ] AutoDiff.VariadicAutoDiff (0 ms)
[ RUN      ] AutoDiff.AlignedAllocationTest
[       OK ] AutoDiff.AlignedAllocationTest (0 ms)
[----------] 5 tests from AutoDiff (0 ms total)

[----------] Global test environment tear-down
[==========] 5 tests from 1 test suite ran. (0 ms total)
[  PASSED  ] 5 tests.
<end of output>
Test time =   0.00 sec
----------------------------------------------------------
Test Passed.
"autodiff_test" end time: Jul 05 16:41 IST
"autodiff_test" time elapsed: 00:00:00
----------------------------------------------------------

4/165 Testing: autodiff_first_order_function_test
4/165 Test: autodiff_first_order_function_test
Command: "/home/drone/Documents/ceres-bin/bin/autodiff_first_order_function_test" "--test_srcdir" "/home/drone/Documents/ceres-solver/data"
Directory: /home/drone/Documents/ceres-bin/internal/ceres
"autodiff_first_order_function_test" start time: Jul 05 16:41 IST
Output:
----------------------------------------------------------
Running main() from gmock_main.cc
[==========] Running 1 test from 1 test suite.
[----------] Global test environment set-up.
[----------] 1 test from AutoDiffFirstOrderFunction
[ RUN      ] AutoDiffFirstOrderFunction.BilinearDifferentiationTest
[       OK ] AutoDiffFirstOrderFunction.BilinearDifferentiationTest (0 ms)
[----------] 1 test from AutoDiffFirstOrderFunction (0 ms total)

[----------] Global test environment tear-down
[==========] 1 test from 1 test suite ran. (0 ms total)
[  PASSED  ] 1 test.
<end of output>
Test time =   0.00 sec
----------------------------------------------------------
Test Passed.
"autodiff_first_order_function_test" end time: Jul 05 16:41 IST
"autodiff_first_order_function_test" time elapsed: 00:00:00
----------------------------------------------------------

5/165 Testing: autodiff_cost_function_test
5/165 Test: autodiff_cost_function_test
Command: "/home/drone/Documents/ceres-bin/bin/autodiff_cost_function_test" "--test_srcdir" "/home/drone/Documents/ceres-solver/data"
Directory: /home/drone/Documents/ceres-bin/internal/ceres
"autodiff_cost_function_test" start time: Jul 05 16:41 IST
Output:
----------------------------------------------------------
Running main() from gmock_main.cc
[==========] Running 3 tests from 2 test suites.
[----------] Global test environment set-up.
[----------] 2 tests from AutodiffCostFunction
[ RUN      ] AutodiffCostFunction.BilinearDifferentiationTest
[       OK ] AutodiffCostFunction.BilinearDifferentiationTest (0 ms)
[ RUN      ] AutodiffCostFunction.ManyParameterAutodiffInstantiates
[       OK ] AutodiffCostFunction.ManyParameterAutodiffInstantiates (0 ms)
[----------] 2 tests from AutodiffCostFunction (0 ms total)

[----------] 1 test from AutoDiffCostFunction
[ RUN      ] AutoDiffCostFunction.PartiallyFilledResidualShouldFailEvaluation
[       OK ] AutoDiffCostFunction.PartiallyFilledResidualShouldFailEvaluation (0 ms)
[----------] 1 test from AutoDiffCostFunction (0 ms total)

[----------] Global test environment tear-down
[==========] 3 tests from 2 test suites ran. (0 ms total)
[  PASSED  ] 3 tests.
<end of output>
Test time =   0.00 sec
----------------------------------------------------------
Test Passed.
"autodiff_cost_function_test" end time: Jul 05 16:41 IST
"autodiff_cost_function_test" time elapsed: 00:00:00
----------------------------------------------------------

6/165 Testing: autodiff_local_parameterization_test
6/165 Test: autodiff_local_parameterization_test
Command: "/home/drone/Documents/ceres-bin/bin/autodiff_local_parameterization_test" "--test_srcdir" "/home/drone/Documents/ceres-solver/data"
Directory: /home/drone/Documents/ceres-bin/internal/ceres
"autodiff_local_parameterization_test" start time: Jul 05 16:41 IST
Output:
----------------------------------------------------------
Running main() from gmock_main.cc
[==========] Running 5 tests from 2 test suites.
[----------] Global test environment set-up.
[----------] 2 tests from AutoDiffLocalParameterizationTest
[ RUN      ] AutoDiffLocalParameterizationTest.IdentityParameterization
[       OK ] AutoDiffLocalParameterizationTest.IdentityParameterization (0 ms)
[ RUN      ] AutoDiffLocalParameterizationTest.ScaledParameterization
[       OK ] AutoDiffLocalParameterizationTest.ScaledParameterization (0 ms)
[----------] 2 tests from AutoDiffLocalParameterizationTest (0 ms total)

[----------] 3 tests from AutoDiffLocalParameterization
[ RUN      ] AutoDiffLocalParameterization.QuaternionParameterizationZeroTest
[       OK ] AutoDiffLocalParameterization.QuaternionParameterizationZeroTest (0 ms)
[ RUN      ] AutoDiffLocalParameterization.QuaternionParameterizationNearZeroTest
[       OK ] AutoDiffLocalParameterization.QuaternionParameterizationNearZeroTest (0 ms)
[ RUN      ] AutoDiffLocalParameterization.QuaternionParameterizationNonZeroTest
[       OK ] AutoDiffLocalParameterization.QuaternionParameterizationNonZeroTest (0 ms)
[----------] 3 tests from AutoDiffLocalParameterization (0 ms total)

[----------] Global test environment tear-down
[==========] 5 tests from 2 test suites ran. (0 ms total)
[  PASSED  ] 5 tests.
<end of output>
Test time =   0.00 sec
----------------------------------------------------------
Test Passed.
"autodiff_local_parameterization_test" end time: Jul 05 16:41 IST
"autodiff_local_parameterization_test" time elapsed: 00:00:00
----------------------------------------------------------

7/165 Testing: autodiff_manifold_test
7/165 Test: autodiff_manifold_test
Command: "/home/drone/Documents/ceres-bin/bin/autodiff_manifold_test" "--test_srcdir" "/home/drone/Documents/ceres-solver/data"
Directory: /home/drone/Documents/ceres-bin/internal/ceres
"autodiff_manifold_test" start time: Jul 05 16:41 IST
Output:
----------------------------------------------------------
Running main() from gmock_main.cc
[==========] Running 6 tests from 3 test suites.
[----------] Global test environment set-up.
[----------] 1 test from AutoDiffLManifoldTest
[ RUN      ] AutoDiffLManifoldTest.EuclideanManifold
[       OK ] AutoDiffLManifoldTest.EuclideanManifold (8 ms)
[----------] 1 test from AutoDiffLManifoldTest (8 ms total)

[----------] 4 tests from AutoDiffManifoldTest
[ RUN      ] AutoDiffManifoldTest.ScaledManifold
[       OK ] AutoDiffManifoldTest.ScaledManifold (8 ms)
[ RUN      ] AutoDiffManifoldTest.QuaternionPlusPiBy2
[       OK ] AutoDiffManifoldTest.QuaternionPlusPiBy2 (0 ms)
[ RUN      ] AutoDiffManifoldTest.QuaternionGenericDelta
[       OK ] AutoDiffManifoldTest.QuaternionGenericDelta (16 ms)
[ RUN      ] AutoDiffManifoldTest.QuaternionSmallDelta
[       OK ] AutoDiffManifoldTest.QuaternionSmallDelta (13 ms)
[----------] 4 tests from AutoDiffManifoldTest (38 ms total)

[----------] 1 test from AutoDiffManifold
[ RUN      ] AutoDiffManifold.QuaternionDeltaJustBelowPi
[       OK ] AutoDiffManifold.QuaternionDeltaJustBelowPi (13 ms)
[----------] 1 test from AutoDiffManifold (13 ms total)

[----------] Global test environment tear-down
[==========] 6 tests from 3 test suites ran. (60 ms total)
[  PASSED  ] 6 tests.
<end of output>
Test time =   0.06 sec
----------------------------------------------------------
Test Passed.
"autodiff_manifold_test" end time: Jul 05 16:41 IST
"autodiff_manifold_test" time elapsed: 00:00:00
----------------------------------------------------------

8/165 Testing: block_jacobi_preconditioner_test
8/165 Test: block_jacobi_preconditioner_test
Command: "/home/drone/Documents/ceres-bin/bin/block_jacobi_preconditioner_test" "--test_srcdir" "/home/drone/Documents/ceres-solver/data"
Directory: /home/drone/Documents/ceres-bin/internal/ceres
"block_jacobi_preconditioner_test" start time: Jul 05 16:41 IST
Output:
----------------------------------------------------------
Running main() from gmock_main.cc
[==========] Running 2 tests from 1 test suite.
[----------] Global test environment set-up.
[----------] 2 tests from BlockJacobiPreconditionerTest
[ RUN      ] BlockJacobiPreconditionerTest.SmallProblem
[       OK ] BlockJacobiPreconditionerTest.SmallProblem (0 ms)
[ RUN      ] BlockJacobiPreconditionerTest.LargeProblem
[       OK ] BlockJacobiPreconditionerTest.LargeProblem (0 ms)
[----------] 2 tests from BlockJacobiPreconditionerTest (0 ms total)

[----------] Global test environment tear-down
[==========] 2 tests from 1 test suite ran. (0 ms total)
[  PASSED  ] 2 tests.
<end of output>
Test time =   0.00 sec
----------------------------------------------------------
Test Passed.
"block_jacobi_preconditioner_test" end time: Jul 05 16:41 IST
"block_jacobi_preconditioner_test" time elapsed: 00:00:00
----------------------------------------------------------

9/165 Testing: block_random_access_dense_matrix_test
9/165 Test: block_random_access_dense_matrix_test
Command: "/home/drone/Documents/ceres-bin/bin/block_random_access_dense_matrix_test" "--test_srcdir" "/home/drone/Documents/ceres-solver/data"
Directory: /home/drone/Documents/ceres-bin/internal/ceres
"block_random_access_dense_matrix_test" start time: Jul 05 16:41 IST
Output:
----------------------------------------------------------
Running main() from gmock_main.cc
[==========] Running 2 tests from 1 test suite.
[----------] Global test environment set-up.
[----------] 2 tests from BlockRandomAccessDenseMatrix
[ RUN      ] BlockRandomAccessDenseMatrix.GetCell
[       OK ] BlockRandomAccessDenseMatrix.GetCell (0 ms)
[ RUN      ] BlockRandomAccessDenseMatrix.WriteCell
[       OK ] BlockRandomAccessDenseMatrix.WriteCell (0 ms)
[----------] 2 tests from BlockRandomAccessDenseMatrix (0 ms total)

[----------] Global test environment tear-down
[==========] 2 tests from 1 test suite ran. (0 ms total)
[  PASSED  ] 2 tests.
<end of output>
Test time =   0.00 sec
----------------------------------------------------------
Test Passed.
"block_random_access_dense_matrix_test" end time: Jul 05 16:41 IST
"block_random_access_dense_matrix_test" time elapsed: 00:00:00
----------------------------------------------------------

10/165 Testing: block_random_access_diagonal_matrix_test
10/165 Test: block_random_access_diagonal_matrix_test
Command: "/home/drone/Documents/ceres-bin/bin/block_random_access_diagonal_matrix_test" "--test_srcdir" "/home/drone/Documents/ceres-solver/data"
Directory: /home/drone/Documents/ceres-bin/internal/ceres
"block_random_access_diagonal_matrix_test" start time: Jul 05 16:41 IST
Output:
----------------------------------------------------------
Running main() from gmock_main.cc
[==========] Running 3 tests from 1 test suite.
[----------] Global test environment set-up.
[----------] 3 tests from BlockRandomAccessDiagonalMatrixTest
[ RUN      ] BlockRandomAccessDiagonalMatrixTest.MatrixContents
[       OK ] BlockRandomAccessDiagonalMatrixTest.MatrixContents (0 ms)
[ RUN      ] BlockRandomAccessDiagonalMatrixTest.RightMultiply
[       OK ] BlockRandomAccessDiagonalMatrixTest.RightMultiply (0 ms)
[ RUN      ] BlockRandomAccessDiagonalMatrixTest.Invert
[       OK ] BlockRandomAccessDiagonalMatrixTest.Invert (0 ms)
[----------] 3 tests from BlockRandomAccessDiagonalMatrixTest (0 ms total)

[----------] Global test environment tear-down
[==========] 3 tests from 1 test suite ran. (0 ms total)
[  PASSED  ] 3 tests.
<end of output>
Test time =   0.00 sec
----------------------------------------------------------
Test Passed.
"block_random_access_diagonal_matrix_test" end time: Jul 05 16:41 IST
"block_random_access_diagonal_matrix_test" time elapsed: 00:00:00
----------------------------------------------------------

11/165 Testing: block_random_access_sparse_matrix_test
11/165 Test: block_random_access_sparse_matrix_test
Command: "/home/drone/Documents/ceres-bin/bin/block_random_access_sparse_matrix_test" "--test_srcdir" "/home/drone/Documents/ceres-solver/data"
Directory: /home/drone/Documents/ceres-bin/internal/ceres
"block_random_access_sparse_matrix_test" start time: Jul 05 16:41 IST
Output:
----------------------------------------------------------
Running main() from gmock_main.cc
[==========] Running 3 tests from 2 test suites.
[----------] Global test environment set-up.
[----------] 1 test from BlockRandomAccessSparseMatrix
[ RUN      ] BlockRandomAccessSparseMatrix.GetCell
[       OK ] BlockRandomAccessSparseMatrix.GetCell (0 ms)
[----------] 1 test from BlockRandomAccessSparseMatrix (0 ms total)

[----------] 2 tests from BlockRandomAccessSparseMatrixTest
[ RUN      ] BlockRandomAccessSparseMatrixTest.IntPairToLongOverflow
[       OK ] BlockRandomAccessSparseMatrixTest.IntPairToLongOverflow (0 ms)
[ RUN      ] BlockRandomAccessSparseMatrixTest.LongToIntPair
[       OK ] BlockRandomAccessSparseMatrixTest.LongToIntPair (0 ms)
[----------] 2 tests from BlockRandomAccessSparseMatrixTest (0 ms total)

[----------] Global test environment tear-down
[==========] 3 tests from 2 test suites ran. (0 ms total)
[  PASSED  ] 3 tests.
<end of output>
Test time =   0.00 sec
----------------------------------------------------------
Test Passed.
"block_random_access_sparse_matrix_test" end time: Jul 05 16:41 IST
"block_random_access_sparse_matrix_test" time elapsed: 00:00:00
----------------------------------------------------------

12/165 Testing: block_sparse_matrix_test
12/165 Test: block_sparse_matrix_test
Command: "/home/drone/Documents/ceres-bin/bin/block_sparse_matrix_test" "--test_srcdir" "/home/drone/Documents/ceres-solver/data"
Directory: /home/drone/Documents/ceres-bin/internal/ceres
"block_sparse_matrix_test" start time: Jul 05 16:41 IST
Output:
----------------------------------------------------------
Running main() from gmock_main.cc
[==========] Running 8 tests from 2 test suites.
[----------] Global test environment set-up.
[----------] 7 tests from BlockSparseMatrixTest
[ RUN      ] BlockSparseMatrixTest.SetZeroTest
[       OK ] BlockSparseMatrixTest.SetZeroTest (0 ms)
[ RUN      ] BlockSparseMatrixTest.RightMultiplyTest
[       OK ] BlockSparseMatrixTest.RightMultiplyTest (0 ms)
[ RUN      ] BlockSparseMatrixTest.LeftMultiplyTest
[       OK ] BlockSparseMatrixTest.LeftMultiplyTest (0 ms)
[ RUN      ] BlockSparseMatrixTest.SquaredColumnNormTest
[       OK ] BlockSparseMatrixTest.SquaredColumnNormTest (0 ms)
[ RUN      ] BlockSparseMatrixTest.ToDenseMatrixTest
[       OK ] BlockSparseMatrixTest.ToDenseMatrixTest (0 ms)
[ RUN      ] BlockSparseMatrixTest.AppendRows
[       OK ] BlockSparseMatrixTest.AppendRows (0 ms)
[ RUN      ] BlockSparseMatrixTest.AppendAndDeleteBlockDiagonalMatrix
[       OK ] BlockSparseMatrixTest.AppendAndDeleteBlockDiagonalMatrix (0 ms)
[----------] 7 tests from BlockSparseMatrixTest (0 ms total)

[----------] 1 test from BlockSparseMatrix
[ RUN      ] BlockSparseMatrix.CreateDiagonalMatrix
[       OK ] BlockSparseMatrix.CreateDiagonalMatrix (0 ms)
[----------] 1 test from BlockSparseMatrix (0 ms total)

[----------] Global test environment tear-down
[==========] 8 tests from 2 test suites ran. (0 ms total)
[  PASSED  ] 8 tests.
<end of output>
Test time =   0.00 sec
----------------------------------------------------------
Test Passed.
"block_sparse_matrix_test" end time: Jul 05 16:41 IST
"block_sparse_matrix_test" time elapsed: 00:00:00
----------------------------------------------------------

13/165 Testing: c_api_test
13/165 Test: c_api_test
Command: "/home/drone/Documents/ceres-bin/bin/c_api_test" "--test_srcdir" "/home/drone/Documents/ceres-solver/data"
Directory: /home/drone/Documents/ceres-bin/internal/ceres
"c_api_test" start time: Jul 05 16:41 IST
Output:
----------------------------------------------------------
Running main() from gmock_main.cc
[==========] Running 2 tests from 1 test suite.
[----------] Global test environment set-up.
[----------] 2 tests from C_API
[ RUN      ] C_API.SimpleEndToEndTest
iter      cost      cost_change  |gradient|   |step|    tr_ratio  tr_radius  ls_iter  iter_time  total_time
   0  1.211734e+02    0.00e+00    3.61e+02   0.00e+00   0.00e+00  1.00e+04        0    2.50e-05    6.01e-05
   1  2.334822e+03   -2.21e+03    3.61e+02   7.52e-01  -1.87e+01  5.00e+03        1    3.41e-05    1.09e-04
   2  2.331438e+03   -2.21e+03    3.61e+02   7.51e-01  -1.86e+01  1.25e+03        1    6.91e-06    1.22e-04
   3  2.311313e+03   -2.19e+03    3.61e+02   7.48e-01  -1.85e+01  1.56e+02        1    5.96e-06    1.32e-04
   4  2.137268e+03   -2.02e+03    3.61e+02   7.22e-01  -1.70e+01  9.77e+00        1    5.01e-06    1.41e-04
   5  8.553131e+02   -7.34e+02    3.61e+02   5.78e-01  -6.32e+00  3.05e-01        1    5.01e-06    1.50e-04
   6  3.306595e+01    8.81e+01    4.10e+02   3.18e-01   1.37e+00  9.16e-01        1    1.91e-05    1.72e-04
   7  6.426770e+00    2.66e+01    1.81e+02   1.29e-01   1.10e+00  2.75e+00        1    1.50e-05    1.90e-04
   8  3.344546e+00    3.08e+00    5.51e+01   3.05e-02   1.03e+00  8.24e+00        1    1.41e-05    2.07e-04
   9  1.987485e+00    1.36e+00    2.33e+01   8.87e-02   9.94e-01  2.47e+01        1    1.41e-05    2.26e-04
  10  1.211585e+00    7.76e-01    8.22e+00   1.05e-01   9.89e-01  7.42e+01        1    1.41e-05    2.44e-04
  11  1.063265e+00    1.48e-01    1.44e+00   6.06e-02   9.97e-01  2.22e+02        1    1.38e-05    2.61e-04
  12  1.056795e+00    6.47e-03    1.18e-01   1.47e-02   1.00e+00  6.67e+02        1    1.41e-05    2.79e-04
  13  1.056751e+00    4.39e-05    3.79e-03   1.28e-03   1.00e+00  2.00e+03        1    1.41e-05    2.96e-04

Solver Summary (v 2.2.0-eigen-(3.3.4)-lapack-suitesparse-(5.1.2)-eigensparse-no_openmp)

                                     Original                  Reduced
Parameter blocks                            2                        2
Parameters                                  2                        2
Residual blocks                            67                       67
Residuals                                  67                       67

Minimizer                        TRUST_REGION

Dense linear algebra library            EIGEN
Trust region strategy     LEVENBERG_MARQUARDT
                                        Given                     Used
Linear solver                        DENSE_QR                 DENSE_QR
Threads                                     1                        1
Linear solver ordering              AUTOMATIC                        2

Cost:
Initial                          1.211734e+02
Final                            1.056751e+00
Change                           1.201167e+02

Minimizer iterations                       14
Successful steps                            9
Unsuccessful steps                          5

Time (in seconds):
Preprocessor                         0.000035

  Residual only evaluation           0.000062 (14)
  Jacobian & residual evaluation     0.000085 (9)
  Linear solver                      0.000030 (14)
Minimizer                            0.000273

Postprocessor                        0.000002
Total                                0.000310

Termination:                      CONVERGENCE (Function tolerance reached. |cost_change|/cost: 3.541695e-08 <= 1.000000e-06)

[       OK ] C_API.SimpleEndToEndTest (0 ms)
[ RUN      ] C_API.LossFunctions
iter      cost      cost_change  |gradient|   |step|    tr_ratio  tr_radius  ls_iter  iter_time  total_time
   0  3.814919e+02    0.00e+00    3.86e+02   0.00e+00   0.00e+00  1.00e+04        0    1.72e-05    2.22e-05
   1  3.554425e+02    2.60e+01    2.91e+02   1.48e-01   8.90e-01  1.91e+04        1    2.00e-05    4.91e-05
   2  3.509212e+02    4.52e+00    1.68e+01   4.73e-02   1.01e+00  5.72e+04        1    1.79e-05    7.10e-05
   3  3.509014e+02    1.98e-02    1.09e-01   6.58e-03   1.00e+00  1.72e+05        1    1.69e-05    9.20e-05

Solver Summary (v 2.2.0-eigen-(3.3.4)-lapack-suitesparse-(5.1.2)-eigensparse-no_openmp)

                                     Original                  Reduced
Parameter blocks                            2                        2
Parameters                                  2                        2
Residual blocks                            67                       67
Residuals                                  67                       67

Minimizer                        TRUST_REGION

Dense linear algebra library            EIGEN
Trust region strategy     LEVENBERG_MARQUARDT
                                        Given                     Used
Linear solver                        DENSE_QR                 DENSE_QR
Threads                                     1                        1
Linear solver ordering              AUTOMATIC                        2

Cost:
Initial                          3.814919e+02
Final                            3.509014e+02
Change                           3.059049e+01

Minimizer iterations                        4
Successful steps                            4
Unsuccessful steps                          0

Time (in seconds):
Preprocessor                         0.000005

  Residual only evaluation           0.000018 (4)
  Jacobian & residual evaluation     0.000047 (4)
  Linear solver                      0.000005 (4)
Minimizer                            0.000100

Postprocessor                        0.000001
Total                                0.000106

Termination:                      CONVERGENCE (Function tolerance reached. |cost_change|/cost: 2.336661e-09 <= 1.000000e-06)

[       OK ] C_API.LossFunctions (0 ms)
[----------] 2 tests from C_API (0 ms total)

[----------] Global test environment tear-down
[==========] 2 tests from 1 test suite ran. (0 ms total)
[  PASSED  ] 2 tests.
<end of output>
Test time =   0.01 sec
----------------------------------------------------------
Test Passed.
"c_api_test" end time: Jul 05 16:41 IST
"c_api_test" time elapsed: 00:00:00
----------------------------------------------------------

14/165 Testing: canonical_views_clustering_test
14/165 Test: canonical_views_clustering_test
Command: "/home/drone/Documents/ceres-bin/bin/canonical_views_clustering_test" "--test_srcdir" "/home/drone/Documents/ceres-solver/data"
Directory: /home/drone/Documents/ceres-bin/internal/ceres
"canonical_views_clustering_test" start time: Jul 05 16:41 IST
Output:
----------------------------------------------------------
Running main() from gmock_main.cc
[==========] Running 4 tests from 1 test suite.
[----------] Global test environment set-up.
[----------] 4 tests from CanonicalViewsTest
[ RUN      ] CanonicalViewsTest.ComputeCanonicalViewsTest
[       OK ] CanonicalViewsTest.ComputeCanonicalViewsTest (0 ms)
[ RUN      ] CanonicalViewsTest.SizePenaltyTest
[       OK ] CanonicalViewsTest.SizePenaltyTest (0 ms)
[ RUN      ] CanonicalViewsTest.ViewScoreTest
[       OK ] CanonicalViewsTest.ViewScoreTest (0 ms)
[ RUN      ] CanonicalViewsTest.SimilarityPenaltyTest
[       OK ] CanonicalViewsTest.SimilarityPenaltyTest (0 ms)
[----------] 4 tests from CanonicalViewsTest (0 ms total)

[----------] Global test environment tear-down
[==========] 4 tests from 1 test suite ran. (0 ms total)
[  PASSED  ] 4 tests.
<end of output>
Test time =   0.01 sec
----------------------------------------------------------
Test Passed.
"canonical_views_clustering_test" end time: Jul 05 16:41 IST
"canonical_views_clustering_test" time elapsed: 00:00:00
----------------------------------------------------------

15/165 Testing: compressed_col_sparse_matrix_utils_test
15/165 Test: compressed_col_sparse_matrix_utils_test
Command: "/home/drone/Documents/ceres-bin/bin/compressed_col_sparse_matrix_utils_test" "--test_srcdir" "/home/drone/Documents/ceres-solver/data"
Directory: /home/drone/Documents/ceres-bin/internal/ceres
"compressed_col_sparse_matrix_utils_test" start time: Jul 05 16:41 IST
Output:
----------------------------------------------------------
Running main() from gmock_main.cc
[==========] Running 5 tests from 2 test suites.
[----------] Global test environment set-up.
[----------] 2 tests from _
[ RUN      ] _.BlockPermutationToScalarPermutation
[       OK ] _.BlockPermutationToScalarPermutation (0 ms)
[ RUN      ] _.ScalarMatrixToBlockMatrix
[       OK ] _.ScalarMatrixToBlockMatrix (0 ms)
[----------] 2 tests from _ (0 ms total)

[----------] 3 tests from SolveUpperTriangularTest
[ RUN      ] SolveUpperTriangularTest.SolveInPlace
[       OK ] SolveUpperTriangularTest.SolveInPlace (0 ms)
[ RUN      ] SolveUpperTriangularTest.TransposeSolveInPlace
[       OK ] SolveUpperTriangularTest.TransposeSolveInPlace (0 ms)
[ RUN      ] SolveUpperTriangularTest.RTRSolveWithSparseRHS
[       OK ] SolveUpperTriangularTest.RTRSolveWithSparseRHS (0 ms)
[----------] 3 tests from SolveUpperTriangularTest (0 ms total)

[----------] Global test environment tear-down
[==========] 5 tests from 2 test suites ran. (0 ms total)
[  PASSED  ] 5 tests.
<end of output>
Test time =   0.00 sec
----------------------------------------------------------
Test Passed.
"compressed_col_sparse_matrix_utils_test" end time: Jul 05 16:41 IST
"compressed_col_sparse_matrix_utils_test" time elapsed: 00:00:00
----------------------------------------------------------

16/165 Testing: compressed_row_sparse_matrix_test
16/165 Test: compressed_row_sparse_matrix_test
Command: "/home/drone/Documents/ceres-bin/bin/compressed_row_sparse_matrix_test" "--test_srcdir" "/home/drone/Documents/ceres-solver/data"
Directory: /home/drone/Documents/ceres-bin/internal/ceres
"compressed_row_sparse_matrix_test" start time: Jul 05 16:41 IST
Output:
----------------------------------------------------------
Running main() from gmock_main.cc
[==========] Running 19 tests from 5 test suites.
[----------] Global test environment set-up.
[----------] 6 tests from CompressedRowSparseMatrixTest
[ RUN      ] CompressedRowSparseMatrixTest.Scale
[       OK ] CompressedRowSparseMatrixTest.Scale (0 ms)
[ RUN      ] CompressedRowSparseMatrixTest.DeleteRows
[       OK ] CompressedRowSparseMatrixTest.DeleteRows (0 ms)
[ RUN      ] CompressedRowSparseMatrixTest.AppendRows
[       OK ] CompressedRowSparseMatrixTest.AppendRows (0 ms)
[ RUN      ] CompressedRowSparseMatrixTest.AppendAndDeleteBlockDiagonalMatrix
[       OK ] CompressedRowSparseMatrixTest.AppendAndDeleteBlockDiagonalMatrix (0 ms)
[ RUN      ] CompressedRowSparseMatrixTest.ToDenseMatrix
[       OK ] CompressedRowSparseMatrixTest.ToDenseMatrix (0 ms)
[ RUN      ] CompressedRowSparseMatrixTest.ToCRSMatrix
[       OK ] CompressedRowSparseMatrixTest.ToCRSMatrix (0 ms)
[----------] 6 tests from CompressedRowSparseMatrixTest (0 ms total)

[----------] 4 tests from CompressedRowSparseMatrix
[ RUN      ] CompressedRowSparseMatrix.CreateBlockDiagonalMatrix
[       OK ] CompressedRowSparseMatrix.CreateBlockDiagonalMatrix (0 ms)
[ RUN      ] CompressedRowSparseMatrix.Transpose
[       OK ] CompressedRowSparseMatrix.Transpose (0 ms)
[ RUN      ] CompressedRowSparseMatrix.FromTripletSparseMatrix
[       OK ] CompressedRowSparseMatrix.FromTripletSparseMatrix (0 ms)
[ RUN      ] CompressedRowSparseMatrix.FromTripletSparseMatrixTransposed
[       OK ] CompressedRowSparseMatrix.FromTripletSparseMatrixTransposed (0 ms)
[----------] 4 tests from CompressedRowSparseMatrix (0 ms total)

[----------] 3 tests from CompressedRowSparseMatrix/RightMultiplyTest
[ RUN      ] CompressedRowSparseMatrix/RightMultiplyTest._/LOWER
[       OK ] CompressedRowSparseMatrix/RightMultiplyTest._/LOWER (5 ms)
[ RUN      ] CompressedRowSparseMatrix/RightMultiplyTest._/UPPER
[       OK ] CompressedRowSparseMatrix/RightMultiplyTest._/UPPER (4 ms)
[ RUN      ] CompressedRowSparseMatrix/RightMultiplyTest._/UNSYMMETRIC
[       OK ] CompressedRowSparseMatrix/RightMultiplyTest._/UNSYMMETRIC (3 ms)
[----------] 3 tests from CompressedRowSparseMatrix/RightMultiplyTest (12 ms total)

[----------] 3 tests from CompressedRowSparseMatrix/LeftMultiplyTest
[ RUN      ] CompressedRowSparseMatrix/LeftMultiplyTest._/LOWER
[       OK ] CompressedRowSparseMatrix/LeftMultiplyTest._/LOWER (3 ms)
[ RUN      ] CompressedRowSparseMatrix/LeftMultiplyTest._/UPPER
[       OK ] CompressedRowSparseMatrix/LeftMultiplyTest._/UPPER (3 ms)
[ RUN      ] CompressedRowSparseMatrix/LeftMultiplyTest._/UNSYMMETRIC
[       OK ] CompressedRowSparseMatrix/LeftMultiplyTest._/UNSYMMETRIC (2 ms)
[----------] 3 tests from CompressedRowSparseMatrix/LeftMultiplyTest (9 ms total)

[----------] 3 tests from CompressedRowSparseMatrix/SquaredColumnNormTest
[ RUN      ] CompressedRowSparseMatrix/SquaredColumnNormTest._/LOWER
[       OK ] CompressedRowSparseMatrix/SquaredColumnNormTest._/LOWER (2 ms)
[ RUN      ] CompressedRowSparseMatrix/SquaredColumnNormTest._/UPPER
[       OK ] CompressedRowSparseMatrix/SquaredColumnNormTest._/UPPER (2 ms)
[ RUN      ] CompressedRowSparseMatrix/SquaredColumnNormTest._/UNSYMMETRIC
[       OK ] CompressedRowSparseMatrix/SquaredColumnNormTest._/UNSYMMETRIC (2 ms)
[----------] 3 tests from CompressedRowSparseMatrix/SquaredColumnNormTest (8 ms total)

[----------] Global test environment tear-down
[==========] 19 tests from 5 test suites ran. (31 ms total)
[  PASSED  ] 19 tests.
<end of output>
Test time =   0.03 sec
----------------------------------------------------------
Test Passed.
"compressed_row_sparse_matrix_test" end time: Jul 05 16:41 IST
"compressed_row_sparse_matrix_test" time elapsed: 00:00:00
----------------------------------------------------------

17/165 Testing: concurrent_queue_test
17/165 Test: concurrent_queue_test
Command: "/home/drone/Documents/ceres-bin/bin/concurrent_queue_test" "--test_srcdir" "/home/drone/Documents/ceres-solver/data"
Directory: /home/drone/Documents/ceres-bin/internal/ceres
"concurrent_queue_test" start time: Jul 05 16:41 IST
Output:
----------------------------------------------------------
Running main() from gmock_main.cc
[==========] Running 6 tests from 1 test suite.
[----------] Global test environment set-up.
[----------] 6 tests from ConcurrentQueue
[ RUN      ] ConcurrentQueue.PushPop
[       OK ] ConcurrentQueue.PushPop (0 ms)
[ RUN      ] ConcurrentQueue.PushPopAfterStopWaiters
[       OK ] ConcurrentQueue.PushPopAfterStopWaiters (0 ms)
[ RUN      ] ConcurrentQueue.PushPopStopAndStart
[       OK ] ConcurrentQueue.PushPopStopAndStart (0 ms)
[ RUN      ] ConcurrentQueue.Wait
[       OK ] ConcurrentQueue.Wait (0 ms)
[ RUN      ] ConcurrentQueue.EnsureWaitBlocks
[       OK ] ConcurrentQueue.EnsureWaitBlocks (500 ms)
[ RUN      ] ConcurrentQueue.StopAndEnableWaiters
[       OK ] ConcurrentQueue.StopAndEnableWaiters (1001 ms)
[----------] 6 tests from ConcurrentQueue (1502 ms total)

[----------] Global test environment tear-down
[==========] 6 tests from 1 test suite ran. (1502 ms total)
[  PASSED  ] 6 tests.
<end of output>
Test time =   1.50 sec
----------------------------------------------------------
Test Passed.
"concurrent_queue_test" end time: Jul 05 16:41 IST
"concurrent_queue_test" time elapsed: 00:00:01
----------------------------------------------------------

18/165 Testing: conditioned_cost_function_test
18/165 Test: conditioned_cost_function_test
Command: "/home/drone/Documents/ceres-bin/bin/conditioned_cost_function_test" "--test_srcdir" "/home/drone/Documents/ceres-solver/data"
Directory: /home/drone/Documents/ceres-bin/internal/ceres
"conditioned_cost_function_test" start time: Jul 05 16:41 IST
Output:
----------------------------------------------------------
Running main() from gmock_main.cc
[==========] Running 2 tests from 1 test suite.
[----------] Global test environment set-up.
[----------] 2 tests from ConditionedCostFunction
[ RUN      ] ConditionedCostFunction.NormalOperation
[       OK ] ConditionedCostFunction.NormalOperation (0 ms)
[ RUN      ] ConditionedCostFunction.SharedConditionersDoNotTriggerDoubleFree
[       OK ] ConditionedCostFunction.SharedConditionersDoNotTriggerDoubleFree (0 ms)
[----------] 2 tests from ConditionedCostFunction (0 ms total)

[----------] Global test environment tear-down
[==========] 2 tests from 1 test suite ran. (0 ms total)
[  PASSED  ] 2 tests.
<end of output>
Test time =   0.01 sec
----------------------------------------------------------
Test Passed.
"conditioned_cost_function_test" end time: Jul 05 16:41 IST
"conditioned_cost_function_test" time elapsed: 00:00:00
----------------------------------------------------------

19/165 Testing: conjugate_gradients_solver_test
19/165 Test: conjugate_gradients_solver_test
Command: "/home/drone/Documents/ceres-bin/bin/conjugate_gradients_solver_test" "--test_srcdir" "/home/drone/Documents/ceres-solver/data"
Directory: /home/drone/Documents/ceres-bin/internal/ceres
"conjugate_gradients_solver_test" start time: Jul 05 16:41 IST
Output:
----------------------------------------------------------
Running main() from gmock_main.cc
[==========] Running 2 tests from 2 test suites.
[----------] Global test environment set-up.
[----------] 1 test from ConjugateGradientTest
[ RUN      ] ConjugateGradientTest.Solves3x3IdentitySystem
[       OK ] ConjugateGradientTest.Solves3x3IdentitySystem (0 ms)
[----------] 1 test from ConjugateGradientTest (0 ms total)

[----------] 1 test from ConjuateGradientTest
[ RUN      ] ConjuateGradientTest.Solves3x3SymmetricSystem
[       OK ] ConjuateGradientTest.Solves3x3SymmetricSystem (0 ms)
[----------] 1 test from ConjuateGradientTest (0 ms total)

[----------] Global test environment tear-down
[==========] 2 tests from 2 test suites ran. (0 ms total)
[  PASSED  ] 2 tests.
<end of output>
Test time =   0.00 sec
----------------------------------------------------------
Test Passed.
"conjugate_gradients_solver_test" end time: Jul 05 16:41 IST
"conjugate_gradients_solver_test" time elapsed: 00:00:00
----------------------------------------------------------

20/165 Testing: corrector_test
20/165 Test: corrector_test
Command: "/home/drone/Documents/ceres-bin/bin/corrector_test" "--test_srcdir" "/home/drone/Documents/ceres-solver/data"
Directory: /home/drone/Documents/ceres-bin/internal/ceres
"corrector_test" start time: Jul 05 16:41 IST
Output:
----------------------------------------------------------
Running main() from gmock_main.cc
[==========] Running 7 tests from 1 test suite.
[----------] Global test environment set-up.
[----------] 7 tests from Corrector
[ RUN      ] Corrector.ZeroGradientDeathTest
[       OK ] Corrector.ZeroGradientDeathTest (100 ms)
[ RUN      ] Corrector.NegativeGradientDeathTest
[       OK ] Corrector.NegativeGradientDeathTest (85 ms)
[ RUN      ] Corrector.ScalarCorrection
[       OK ] Corrector.ScalarCorrection (0 ms)
[ RUN      ] Corrector.ScalarCorrectionZeroResidual
[       OK ] Corrector.ScalarCorrectionZeroResidual (0 ms)
[ RUN      ] Corrector.ScalarCorrectionAlphaClamped
[       OK ] Corrector.ScalarCorrectionAlphaClamped (0 ms)
[ RUN      ] Corrector.MultidimensionalGaussNewtonApproximation
[       OK ] Corrector.MultidimensionalGaussNewtonApproximation (4 ms)
[ RUN      ] Corrector.MultidimensionalGaussNewtonApproximationZeroResidual
[       OK ] Corrector.MultidimensionalGaussNewtonApproximationZeroResidual (3 ms)
[----------] 7 tests from Corrector (193 ms total)

[----------] Global test environment tear-down
[==========] 7 tests from 1 test suite ran. (193 ms total)
[  PASSED  ] 7 tests.
<end of output>
Test time =   0.20 sec
----------------------------------------------------------
Test Passed.
"corrector_test" end time: Jul 05 16:41 IST
"corrector_test" time elapsed: 00:00:00
----------------------------------------------------------

21/165 Testing: cost_function_to_functor_test
21/165 Test: cost_function_to_functor_test
Command: "/home/drone/Documents/ceres-bin/bin/cost_function_to_functor_test" "--test_srcdir" "/home/drone/Documents/ceres-solver/data"
Directory: /home/drone/Documents/ceres-bin/internal/ceres
"cost_function_to_functor_test" start time: Jul 05 16:41 IST
Output:
----------------------------------------------------------
Running main() from gmock_main.cc
[==========] Running 12 tests from 1 test suite.
[----------] Global test environment set-up.
[----------] 12 tests from CostFunctionToFunctor
[ RUN      ] CostFunctionToFunctor.OneParameterBlockFunctor
[       OK ] CostFunctionToFunctor.OneParameterBlockFunctor (0 ms)
[ RUN      ] CostFunctionToFunctor.TwoParameterBlockFunctor
[       OK ] CostFunctionToFunctor.TwoParameterBlockFunctor (0 ms)
[ RUN      ] CostFunctionToFunctor.ThreeParameterBlockFunctor
[       OK ] CostFunctionToFunctor.ThreeParameterBlockFunctor (0 ms)
[ RUN      ] CostFunctionToFunctor.FourParameterBlockFunctor
[       OK ] CostFunctionToFunctor.FourParameterBlockFunctor (0 ms)
[ RUN      ] CostFunctionToFunctor.FiveParameterBlockFunctor
[       OK ] CostFunctionToFunctor.FiveParameterBlockFunctor (0 ms)
[ RUN      ] CostFunctionToFunctor.SixParameterBlockFunctor
[       OK ] CostFunctionToFunctor.SixParameterBlockFunctor (0 ms)
[ RUN      ] CostFunctionToFunctor.SevenParameterBlockFunctor
[       OK ] CostFunctionToFunctor.SevenParameterBlockFunctor (0 ms)
[ RUN      ] CostFunctionToFunctor.EightParameterBlockFunctor
[       OK ] CostFunctionToFunctor.EightParameterBlockFunctor (0 ms)
[ RUN      ] CostFunctionToFunctor.NineParameterBlockFunctor
[       OK ] CostFunctionToFunctor.NineParameterBlockFunctor (0 ms)
[ RUN      ] CostFunctionToFunctor.TenParameterBlockFunctor
[       OK ] CostFunctionToFunctor.TenParameterBlockFunctor (0 ms)
[ RUN      ] CostFunctionToFunctor.DynamicNumberOfResiduals
[       OK ] CostFunctionToFunctor.DynamicNumberOfResiduals (0 ms)
[ RUN      ] CostFunctionToFunctor.DynamicCostFunctionToFunctor
[       OK ] CostFunctionToFunctor.DynamicCostFunctionToFunctor (0 ms)
[----------] 12 tests from CostFunctionToFunctor (0 ms total)

[----------] Global test environment tear-down
[==========] 12 tests from 1 test suite ran. (0 ms total)
[  PASSED  ] 12 tests.
<end of output>
Test time =   0.00 sec
----------------------------------------------------------
Test Passed.
"cost_function_to_functor_test" end time: Jul 05 16:41 IST
"cost_function_to_functor_test" time elapsed: 00:00:00
----------------------------------------------------------

22/165 Testing: covariance_test
22/165 Test: covariance_test
Command: "/home/drone/Documents/ceres-bin/bin/covariance_test" "--test_srcdir" "/home/drone/Documents/ceres-solver/data"
Directory: /home/drone/Documents/ceres-bin/internal/ceres
"covariance_test" start time: Jul 05 16:41 IST
Output:
----------------------------------------------------------
Running main() from gmock_main.cc
[==========] Running 22 tests from 4 test suites.
[----------] Global test environment set-up.
[----------] 3 tests from CovarianceImpl
[ RUN      ] CovarianceImpl.ComputeCovarianceSparsity
[       OK ] CovarianceImpl.ComputeCovarianceSparsity (0 ms)
[ RUN      ] CovarianceImpl.ComputeCovarianceSparsityWithConstantParameterBlock
[       OK ] CovarianceImpl.ComputeCovarianceSparsityWithConstantParameterBlock (0 ms)
[ RUN      ] CovarianceImpl.ComputeCovarianceSparsityWithFreeParameterBlock
[       OK ] CovarianceImpl.ComputeCovarianceSparsityWithFreeParameterBlock (0 ms)
[----------] 3 tests from CovarianceImpl (0 ms total)

[----------] 14 tests from CovarianceTest
[ RUN      ] CovarianceTest.NormalBehavior
[       OK ] CovarianceTest.NormalBehavior (7 ms)
[ RUN      ] CovarianceTest.ConstantParameterBlock
[       OK ] CovarianceTest.ConstantParameterBlock (1 ms)
[ RUN      ] CovarianceTest.LocalParameterization
[       OK ] CovarianceTest.LocalParameterization (2 ms)
[ RUN      ] CovarianceTest.LocalParameterizationInTangentSpace
[       OK ] CovarianceTest.LocalParameterizationInTangentSpace (2 ms)
[ RUN      ] CovarianceTest.LocalParameterizationInTangentSpaceWithConstantBlocks
[       OK ] CovarianceTest.LocalParameterizationInTangentSpaceWithConstantBlocks (1 ms)
[ RUN      ] CovarianceTest.Manifold
[       OK ] CovarianceTest.Manifold (2 ms)
[ RUN      ] CovarianceTest.ManifoldInTangentSpace
[       OK ] CovarianceTest.ManifoldInTangentSpace (2 ms)
[ RUN      ] CovarianceTest.ManifoldInTangentSpaceWithConstantBlocks
[       OK ] CovarianceTest.ManifoldInTangentSpaceWithConstantBlocks (0 ms)
[ RUN      ] CovarianceTest.TruncatedRank
[       OK ] CovarianceTest.TruncatedRank (1 ms)
[ RUN      ] CovarianceTest.DenseCovarianceMatrixFromSetOfParameters
[       OK ] CovarianceTest.DenseCovarianceMatrixFromSetOfParameters (2 ms)
[ RUN      ] CovarianceTest.DenseCovarianceMatrixFromSetOfParametersThreaded
[       OK ] CovarianceTest.DenseCovarianceMatrixFromSetOfParametersThreaded (5 ms)
[ RUN      ] CovarianceTest.DenseCovarianceMatrixFromSetOfParametersInTangentSpaceUsingLocalParameterizations
[       OK ] CovarianceTest.DenseCovarianceMatrixFromSetOfParametersInTangentSpaceUsingLocalParameterizations (2 ms)
[ RUN      ] CovarianceTest.DenseCovarianceMatrixFromSetOfParametersInTangentSpace
[       OK ] CovarianceTest.DenseCovarianceMatrixFromSetOfParametersInTangentSpace (1 ms)
[ RUN      ] CovarianceTest.ComputeCovarianceFailure
[       OK ] CovarianceTest.ComputeCovarianceFailure (168 ms)
[----------] 14 tests from CovarianceTest (202 ms total)

[----------] 1 test from RankDeficientCovarianceTest
[ RUN      ] RankDeficientCovarianceTest.AutomaticTruncation
[       OK ] RankDeficientCovarianceTest.AutomaticTruncation (0 ms)
[----------] 1 test from RankDeficientCovarianceTest (0 ms total)

[----------] 4 tests from Covariance
[ RUN      ] Covariance.ZeroSizedLocalParameterizationGetCovariance
[       OK ] Covariance.ZeroSizedLocalParameterizationGetCovariance (0 ms)
[ RUN      ] Covariance.ZeroSizedLocalParameterizationGetCovarianceInTangentSpace
[       OK ] Covariance.ZeroSizedLocalParameterizationGetCovarianceInTangentSpace (0 ms)
[ RUN      ] Covariance.ZeroSizedManifoldGetCovariance
[       OK ] Covariance.ZeroSizedManifoldGetCovariance (0 ms)
[ RUN      ] Covariance.ZeroSizedManifoldGetCovarianceInTangentSpace
[       OK ] Covariance.ZeroSizedManifoldGetCovarianceInTangentSpace (0 ms)
[----------] 4 tests from Covariance (0 ms total)

[----------] Global test environment tear-down
[==========] 22 tests from 4 test suites ran. (203 ms total)
[  PASSED  ] 22 tests.
<end of output>
Test time =   0.21 sec
----------------------------------------------------------
Test Passed.
"covariance_test" end time: Jul 05 16:41 IST
"covariance_test" time elapsed: 00:00:00
----------------------------------------------------------

23/165 Testing: cubic_interpolation_test
23/165 Test: cubic_interpolation_test
Command: "/home/drone/Documents/ceres-bin/bin/cubic_interpolation_test" "--test_srcdir" "/home/drone/Documents/ceres-solver/data"
Directory: /home/drone/Documents/ceres-bin/internal/ceres
"cubic_interpolation_test" start time: Jul 05 16:41 IST
Output:
----------------------------------------------------------
Running main() from gmock_main.cc
[==========] Running 23 tests from 6 test suites.
[----------] Global test environment set-up.
[----------] 4 tests from Grid1D
[ RUN      ] Grid1D.OneDataDimension
[       OK ] Grid1D.OneDataDimension (0 ms)
[ RUN      ] Grid1D.OneDataDimensionOutOfBounds
[       OK ] Grid1D.OneDataDimensionOutOfBounds (0 ms)
[ RUN      ] Grid1D.TwoDataDimensionIntegerDataInterleaved
[       OK ] Grid1D.TwoDataDimensionIntegerDataInterleaved (0 ms)
[ RUN      ] Grid1D.TwoDataDimensionIntegerDataStacked
[       OK ] Grid1D.TwoDataDimensionIntegerDataStacked (0 ms)
[----------] 4 tests from Grid1D (0 ms total)

[----------] 6 tests from Grid2D
[ RUN      ] Grid2D.OneDataDimensionRowMajor
[       OK ] Grid2D.OneDataDimensionRowMajor (0 ms)
[ RUN      ] Grid2D.OneDataDimensionRowMajorOutOfBounds
[       OK ] Grid2D.OneDataDimensionRowMajorOutOfBounds (0 ms)
[ RUN      ] Grid2D.TwoDataDimensionRowMajorInterleaved
[       OK ] Grid2D.TwoDataDimensionRowMajorInterleaved (0 ms)
[ RUN      ] Grid2D.TwoDataDimensionRowMajorStacked
[       OK ] Grid2D.TwoDataDimensionRowMajorStacked (0 ms)
[ RUN      ] Grid2D.TwoDataDimensionColMajorInterleaved
[       OK ] Grid2D.TwoDataDimensionColMajorInterleaved (0 ms)
[ RUN      ] Grid2D.TwoDataDimensionColMajorStacked
[       OK ] Grid2D.TwoDataDimensionColMajorStacked (0 ms)
[----------] 6 tests from Grid2D (0 ms total)

[----------] 3 tests from CubicInterpolatorTest
[ RUN      ] CubicInterpolatorTest.ConstantFunction
[       OK ] CubicInterpolatorTest.ConstantFunction (0 ms)
[ RUN      ] CubicInterpolatorTest.LinearFunction
[       OK ] CubicInterpolatorTest.LinearFunction (0 ms)
[ RUN      ] CubicInterpolatorTest.QuadraticFunction
[       OK ] CubicInterpolatorTest.QuadraticFunction (0 ms)
[----------] 3 tests from CubicInterpolatorTest (0 ms total)

[----------] 1 test from CubicInterpolator
[ RUN      ] CubicInterpolator.JetEvaluation
[       OK ] CubicInterpolator.JetEvaluation (0 ms)
[----------] 1 test from CubicInterpolator (0 ms total)

[----------] 8 tests from BiCubicInterpolatorTest
[ RUN      ] BiCubicInterpolatorTest.ZeroFunction
[       OK ] BiCubicInterpolatorTest.ZeroFunction (3 ms)
[ RUN      ] BiCubicInterpolatorTest.Degree00Function
[       OK ] BiCubicInterpolatorTest.Degree00Function (3 ms)
[ RUN      ] BiCubicInterpolatorTest.Degree01Function
[       OK ] BiCubicInterpolatorTest.Degree01Function (3 ms)
[ RUN      ] BiCubicInterpolatorTest.Degree10Function
[       OK ] BiCubicInterpolatorTest.Degree10Function (3 ms)
[ RUN      ] BiCubicInterpolatorTest.Degree11Function
[       OK ] BiCubicInterpolatorTest.Degree11Function (3 ms)
[ RUN      ] BiCubicInterpolatorTest.Degree12Function
[       OK ] BiCubicInterpolatorTest.Degree12Function (3 ms)
[ RUN      ] BiCubicInterpolatorTest.Degree21Function
[       OK ] BiCubicInterpolatorTest.Degree21Function (3 ms)
[ RUN      ] BiCubicInterpolatorTest.Degree22Function
[       OK ] BiCubicInterpolatorTest.Degree22Function (3 ms)
[----------] 8 tests from BiCubicInterpolatorTest (30 ms total)

[----------] 1 test from BiCubicInterpolator
[ RUN      ] BiCubicInterpolator.JetEvaluation
[       OK ] BiCubicInterpolator.JetEvaluation (0 ms)
[----------] 1 test from BiCubicInterpolator (0 ms total)

[----------] Global test environment tear-down
[==========] 23 tests from 6 test suites ran. (30 ms total)
[  PASSED  ] 23 tests.
<end of output>
Test time =   0.03 sec
----------------------------------------------------------
Test Passed.
"cubic_interpolation_test" end time: Jul 05 16:41 IST
"cubic_interpolation_test" time elapsed: 00:00:00
----------------------------------------------------------

24/165 Testing: cuda_dense_cholesky_test
24/165 Test: cuda_dense_cholesky_test
Command: "/home/drone/Documents/ceres-bin/bin/cuda_dense_cholesky_test" "--test_srcdir" "/home/drone/Documents/ceres-solver/data"
Directory: /home/drone/Documents/ceres-bin/internal/ceres
"cuda_dense_cholesky_test" start time: Jul 05 16:41 IST
Output:
----------------------------------------------------------
Running main() from gmock_main.cc
[==========] Running 0 tests from 0 test suites.
[==========] 0 tests from 0 test suites ran. (0 ms total)
[  PASSED  ] 0 tests.
<end of output>
Test time =   0.00 sec
----------------------------------------------------------
Test Passed.
"cuda_dense_cholesky_test" end time: Jul 05 16:41 IST
"cuda_dense_cholesky_test" time elapsed: 00:00:00
----------------------------------------------------------

25/165 Testing: cuda_dense_qr_test
25/165 Test: cuda_dense_qr_test
Command: "/home/drone/Documents/ceres-bin/bin/cuda_dense_qr_test" "--test_srcdir" "/home/drone/Documents/ceres-solver/data"
Directory: /home/drone/Documents/ceres-bin/internal/ceres
"cuda_dense_qr_test" start time: Jul 05 16:41 IST
Output:
----------------------------------------------------------
Running main() from gmock_main.cc
[==========] Running 0 tests from 0 test suites.
[==========] 0 tests from 0 test suites ran. (0 ms total)
[  PASSED  ] 0 tests.
<end of output>
Test time =   0.00 sec
----------------------------------------------------------
Test Passed.
"cuda_dense_qr_test" end time: Jul 05 16:41 IST
"cuda_dense_qr_test" time elapsed: 00:00:00
----------------------------------------------------------

26/165 Testing: dense_linear_solver_test
26/165 Test: dense_linear_solver_test
Command: "/home/drone/Documents/ceres-bin/bin/dense_linear_solver_test" "--test_srcdir" "/home/drone/Documents/ceres-solver/data"
Directory: /home/drone/Documents/ceres-bin/internal/ceres
"dense_linear_solver_test" start time: Jul 05 16:41 IST
Output:
----------------------------------------------------------
Running main() from gmock_main.cc
[==========] Running 16 tests from 1 test suite.
[----------] Global test environment set-up.
[----------] 16 tests from DenseLinearSolver/DenseLinearSolverTest
[ RUN      ] DenseLinearSolver/DenseLinearSolverTest._/DENSE_QR_EIGEN_Regularized_0
[       OK ] DenseLinearSolver/DenseLinearSolverTest._/DENSE_QR_EIGEN_Regularized_0 (0 ms)
[ RUN      ] DenseLinearSolver/DenseLinearSolverTest._/DENSE_QR_EIGEN_Regularized_1
[       OK ] DenseLinearSolver/DenseLinearSolverTest._/DENSE_QR_EIGEN_Regularized_1 (0 ms)
[ RUN      ] DenseLinearSolver/DenseLinearSolverTest._/DENSE_QR_EIGEN_Unregularized_0
[       OK ] DenseLinearSolver/DenseLinearSolverTest._/DENSE_QR_EIGEN_Unregularized_0 (0 ms)
[ RUN      ] DenseLinearSolver/DenseLinearSolverTest._/DENSE_QR_EIGEN_Unregularized_1
[       OK ] DenseLinearSolver/DenseLinearSolverTest._/DENSE_QR_EIGEN_Unregularized_1 (0 ms)
[ RUN      ] DenseLinearSolver/DenseLinearSolverTest._/DENSE_QR_LAPACK_Regularized_0
[       OK ] DenseLinearSolver/DenseLinearSolverTest._/DENSE_QR_LAPACK_Regularized_0 (4 ms)
[ RUN      ] DenseLinearSolver/DenseLinearSolverTest._/DENSE_QR_LAPACK_Regularized_1
[       OK ] DenseLinearSolver/DenseLinearSolverTest._/DENSE_QR_LAPACK_Regularized_1 (0 ms)
[ RUN      ] DenseLinearSolver/DenseLinearSolverTest._/DENSE_QR_LAPACK_Unregularized_0
[       OK ] DenseLinearSolver/DenseLinearSolverTest._/DENSE_QR_LAPACK_Unregularized_0 (0 ms)
[ RUN      ] DenseLinearSolver/DenseLinearSolverTest._/DENSE_QR_LAPACK_Unregularized_1
[       OK ] DenseLinearSolver/DenseLinearSolverTest._/DENSE_QR_LAPACK_Unregularized_1 (0 ms)
[ RUN      ] DenseLinearSolver/DenseLinearSolverTest._/DENSE_NORMAL_CHOLESKY_EIGEN_Regularized_0
[       OK ] DenseLinearSolver/DenseLinearSolverTest._/DENSE_NORMAL_CHOLESKY_EIGEN_Regularized_0 (0 ms)
[ RUN      ] DenseLinearSolver/DenseLinearSolverTest._/DENSE_NORMAL_CHOLESKY_EIGEN_Regularized_1
[       OK ] DenseLinearSolver/DenseLinearSolverTest._/DENSE_NORMAL_CHOLESKY_EIGEN_Regularized_1 (0 ms)
[ RUN      ] DenseLinearSolver/DenseLinearSolverTest._/DENSE_NORMAL_CHOLESKY_EIGEN_Unregularized_0
[       OK ] DenseLinearSolver/DenseLinearSolverTest._/DENSE_NORMAL_CHOLESKY_EIGEN_Unregularized_0 (0 ms)
[ RUN      ] DenseLinearSolver/DenseLinearSolverTest._/DENSE_NORMAL_CHOLESKY_EIGEN_Unregularized_1
[       OK ] DenseLinearSolver/DenseLinearSolverTest._/DENSE_NORMAL_CHOLESKY_EIGEN_Unregularized_1 (0 ms)
[ RUN      ] DenseLinearSolver/DenseLinearSolverTest._/DENSE_NORMAL_CHOLESKY_LAPACK_Regularized_0
[       OK ] DenseLinearSolver/DenseLinearSolverTest._/DENSE_NORMAL_CHOLESKY_LAPACK_Regularized_0 (0 ms)
[ RUN      ] DenseLinearSolver/DenseLinearSolverTest._/DENSE_NORMAL_CHOLESKY_LAPACK_Regularized_1
[       OK ] DenseLinearSolver/DenseLinearSolverTest._/DENSE_NORMAL_CHOLESKY_LAPACK_Regularized_1 (0 ms)
[ RUN      ] DenseLinearSolver/DenseLinearSolverTest._/DENSE_NORMAL_CHOLESKY_LAPACK_Unregularized_0
[       OK ] DenseLinearSolver/DenseLinearSolverTest._/DENSE_NORMAL_CHOLESKY_LAPACK_Unregularized_0 (0 ms)
[ RUN      ] DenseLinearSolver/DenseLinearSolverTest._/DENSE_NORMAL_CHOLESKY_LAPACK_Unregularized_1
[       OK ] DenseLinearSolver/DenseLinearSolverTest._/DENSE_NORMAL_CHOLESKY_LAPACK_Unregularized_1 (0 ms)
[----------] 16 tests from DenseLinearSolver/DenseLinearSolverTest (5 ms total)

[----------] Global test environment tear-down
[==========] 16 tests from 1 test suite ran. (5 ms total)
[  PASSED  ] 16 tests.
<end of output>
Test time =   0.01 sec
----------------------------------------------------------
Test Passed.
"dense_linear_solver_test" end time: Jul 05 16:41 IST
"dense_linear_solver_test" time elapsed: 00:00:00
----------------------------------------------------------

27/165 Testing: dense_cholesky_test
27/165 Test: dense_cholesky_test
Command: "/home/drone/Documents/ceres-bin/bin/dense_cholesky_test" "--test_srcdir" "/home/drone/Documents/ceres-solver/data"
Directory: /home/drone/Documents/ceres-bin/internal/ceres
"dense_cholesky_test" start time: Jul 05 16:41 IST
Output:
----------------------------------------------------------
Running main() from gmock_main.cc
[==========] Running 2 tests from 1 test suite.
[----------] Global test environment set-up.
[----------] 2 tests from _/DenseCholeskyTest
[ RUN      ] _/DenseCholeskyTest.FactorAndSolve/EIGEN
[       OK ] _/DenseCholeskyTest.FactorAndSolve/EIGEN (0 ms)
[ RUN      ] _/DenseCholeskyTest.FactorAndSolve/LAPACK
[       OK ] _/DenseCholeskyTest.FactorAndSolve/LAPACK (0 ms)
[----------] 2 tests from _/DenseCholeskyTest (0 ms total)

[----------] Global test environment tear-down
[==========] 2 tests from 1 test suite ran. (0 ms total)
[  PASSED  ] 2 tests.
<end of output>
Test time =   0.00 sec
----------------------------------------------------------
Test Passed.
"dense_cholesky_test" end time: Jul 05 16:41 IST
"dense_cholesky_test" time elapsed: 00:00:00
----------------------------------------------------------

28/165 Testing: dense_qr_test
28/165 Test: dense_qr_test
Command: "/home/drone/Documents/ceres-bin/bin/dense_qr_test" "--test_srcdir" "/home/drone/Documents/ceres-solver/data"
Directory: /home/drone/Documents/ceres-bin/internal/ceres
"dense_qr_test" start time: Jul 05 16:41 IST
Output:
----------------------------------------------------------
Running main() from gmock_main.cc
[==========] Running 2 tests from 1 test suite.
[----------] Global test environment set-up.
[----------] 2 tests from _/DenseQRTest
[ RUN      ] _/DenseQRTest.FactorAndSolve/EIGEN
[       OK ] _/DenseQRTest.FactorAndSolve/EIGEN (1 ms)
[ RUN      ] _/DenseQRTest.FactorAndSolve/LAPACK
[       OK ] _/DenseQRTest.FactorAndSolve/LAPACK (2 ms)
[----------] 2 tests from _/DenseQRTest (4 ms total)

[----------] Global test environment tear-down
[==========] 2 tests from 1 test suite ran. (4 ms total)
[  PASSED  ] 2 tests.
<end of output>
Test time =   0.01 sec
----------------------------------------------------------
Test Passed.
"dense_qr_test" end time: Jul 05 16:41 IST
"dense_qr_test" time elapsed: 00:00:00
----------------------------------------------------------

29/165 Testing: dense_sparse_matrix_test
29/165 Test: dense_sparse_matrix_test
Command: "/home/drone/Documents/ceres-bin/bin/dense_sparse_matrix_test" "--test_srcdir" "/home/drone/Documents/ceres-solver/data"
Directory: /home/drone/Documents/ceres-bin/internal/ceres
"dense_sparse_matrix_test" start time: Jul 05 16:41 IST
Output:
----------------------------------------------------------
Running main() from gmock_main.cc
[==========] Running 5 tests from 1 test suite.
[----------] Global test environment set-up.
[----------] 5 tests from DenseSparseMatrixTest
[ RUN      ] DenseSparseMatrixTest.RightMultiply
[       OK ] DenseSparseMatrixTest.RightMultiply (0 ms)
[ RUN      ] DenseSparseMatrixTest.LeftMultiply
[       OK ] DenseSparseMatrixTest.LeftMultiply (0 ms)
[ RUN      ] DenseSparseMatrixTest.ColumnNorm
[       OK ] DenseSparseMatrixTest.ColumnNorm (0 ms)
[ RUN      ] DenseSparseMatrixTest.Scale
[       OK ] DenseSparseMatrixTest.Scale (0 ms)
[ RUN      ] DenseSparseMatrixTest.ToDenseMatrix
[       OK ] DenseSparseMatrixTest.ToDenseMatrix (0 ms)
[----------] 5 tests from DenseSparseMatrixTest (0 ms total)

[----------] Global test environment tear-down
[==========] 5 tests from 1 test suite ran. (0 ms total)
[  PASSED  ] 5 tests.
<end of output>
Test time =   0.00 sec
----------------------------------------------------------
Test Passed.
"dense_sparse_matrix_test" end time: Jul 05 16:41 IST
"dense_sparse_matrix_test" time elapsed: 00:00:00
----------------------------------------------------------

30/165 Testing: detect_structure_test
30/165 Test: detect_structure_test
Command: "/home/drone/Documents/ceres-bin/bin/detect_structure_test" "--test_srcdir" "/home/drone/Documents/ceres-solver/data"
Directory: /home/drone/Documents/ceres-bin/internal/ceres
"detect_structure_test" start time: Jul 05 16:41 IST
Output:
----------------------------------------------------------
Running main() from gmock_main.cc
[==========] Running 5 tests from 1 test suite.
[----------] Global test environment set-up.
[----------] 5 tests from DetectStructure
[ RUN      ] DetectStructure.EverythingStatic
[       OK ] DetectStructure.EverythingStatic (0 ms)
[ RUN      ] DetectStructure.DynamicRow
[       OK ] DetectStructure.DynamicRow (0 ms)
[ RUN      ] DetectStructure.DynamicFBlockDifferentRows
[       OK ] DetectStructure.DynamicFBlockDifferentRows (0 ms)
[ RUN      ] DetectStructure.DynamicEBlock
[       OK ] DetectStructure.DynamicEBlock (0 ms)
[ RUN      ] DetectStructure.DynamicFBlockSameRow
[       OK ] DetectStructure.DynamicFBlockSameRow (0 ms)
[----------] 5 tests from DetectStructure (0 ms total)

[----------] Global test environment tear-down
[==========] 5 tests from 1 test suite ran. (0 ms total)
[  PASSED  ] 5 tests.
<end of output>
Test time =   0.00 sec
----------------------------------------------------------
Test Passed.
"detect_structure_test" end time: Jul 05 16:41 IST
"detect_structure_test" time elapsed: 00:00:00
----------------------------------------------------------

31/165 Testing: dogleg_strategy_test
31/165 Test: dogleg_strategy_test
Command: "/home/drone/Documents/ceres-bin/bin/dogleg_strategy_test" "--test_srcdir" "/home/drone/Documents/ceres-solver/data"
Directory: /home/drone/Documents/ceres-bin/internal/ceres
"dogleg_strategy_test" start time: Jul 05 16:41 IST
Output:
----------------------------------------------------------
Running main() from gmock_main.cc
[==========] Running 6 tests from 2 test suites.
[----------] Global test environment set-up.
[----------] 4 tests from DoglegStrategyFixtureEllipse
[ RUN      ] DoglegStrategyFixtureEllipse.TrustRegionObeyedTraditional
[       OK ] DoglegStrategyFixtureEllipse.TrustRegionObeyedTraditional (0 ms)
[ RUN      ] DoglegStrategyFixtureEllipse.TrustRegionObeyedSubspace
[       OK ] DoglegStrategyFixtureEllipse.TrustRegionObeyedSubspace (0 ms)
[ RUN      ] DoglegStrategyFixtureEllipse.CorrectGaussNewtonStep
[       OK ] DoglegStrategyFixtureEllipse.CorrectGaussNewtonStep (0 ms)
[ RUN      ] DoglegStrategyFixtureEllipse.ValidSubspaceBasis
[       OK ] DoglegStrategyFixtureEllipse.ValidSubspaceBasis (0 ms)
[----------] 4 tests from DoglegStrategyFixtureEllipse (0 ms total)

[----------] 2 tests from DoglegStrategyFixtureValley
[ RUN      ] DoglegStrategyFixtureValley.CorrectStepLocalOptimumAlongGradient
[       OK ] DoglegStrategyFixtureValley.CorrectStepLocalOptimumAlongGradient (0 ms)
[ RUN      ] DoglegStrategyFixtureValley.CorrectStepGlobalOptimumAlongGradient
[       OK ] DoglegStrategyFixtureValley.CorrectStepGlobalOptimumAlongGradient (0 ms)
[----------] 2 tests from DoglegStrategyFixtureValley (0 ms total)

[----------] Global test environment tear-down
[==========] 6 tests from 2 test suites ran. (0 ms total)
[  PASSED  ] 6 tests.
<end of output>
Test time =   0.00 sec
----------------------------------------------------------
Test Passed.
"dogleg_strategy_test" end time: Jul 05 16:41 IST
"dogleg_strategy_test" time elapsed: 00:00:00
----------------------------------------------------------

32/165 Testing: dynamic_autodiff_cost_function_test
32/165 Test: dynamic_autodiff_cost_function_test
Command: "/home/drone/Documents/ceres-bin/bin/dynamic_autodiff_cost_function_test" "--test_srcdir" "/home/drone/Documents/ceres-solver/data"
Directory: /home/drone/Documents/ceres-bin/internal/ceres
"dynamic_autodiff_cost_function_test" start time: Jul 05 16:41 IST
Output:
----------------------------------------------------------
Running main() from gmock_main.cc
[==========] Running 13 tests from 4 test suites.
[----------] Global test environment set-up.
[----------] 4 tests from DynamicAutodiffCostFunctionTest
[ RUN      ] DynamicAutodiffCostFunctionTest.TestResiduals
[       OK ] DynamicAutodiffCostFunctionTest.TestResiduals (0 ms)
[ RUN      ] DynamicAutodiffCostFunctionTest.TestJacobian
[       OK ] DynamicAutodiffCostFunctionTest.TestJacobian (0 ms)
[ RUN      ] DynamicAutodiffCostFunctionTest.JacobianWithFirstParameterBlockConstant
[       OK ] DynamicAutodiffCostFunctionTest.JacobianWithFirstParameterBlockConstant (0 ms)
[ RUN      ] DynamicAutodiffCostFunctionTest.JacobianWithSecondParameterBlockConstant
[       OK ] DynamicAutodiffCostFunctionTest.JacobianWithSecondParameterBlockConstant (0 ms)
[----------] 4 tests from DynamicAutodiffCostFunctionTest (0 ms total)

[----------] 4 tests from ThreeParameterCostFunctorTest
[ RUN      ] ThreeParameterCostFunctorTest.TestThreeParameterResiduals
[       OK ] ThreeParameterCostFunctorTest.TestThreeParameterResiduals (0 ms)
[ RUN      ] ThreeParameterCostFunctorTest.TestThreeParameterJacobian
[       OK ] ThreeParameterCostFunctorTest.TestThreeParameterJacobian (0 ms)
[ RUN      ] ThreeParameterCostFunctorTest.ThreeParameterJacobianWithFirstAndLastParameterBlockConstant
[       OK ] ThreeParameterCostFunctorTest.ThreeParameterJacobianWithFirstAndLastParameterBlockConstant (0 ms)
[ RUN      ] ThreeParameterCostFunctorTest.ThreeParameterJacobianWithSecondParameterBlockConstant
[       OK ] ThreeParameterCostFunctorTest.ThreeParameterJacobianWithSecondParameterBlockConstant (0 ms)
[----------] 4 tests from ThreeParameterCostFunctorTest (0 ms total)

[----------] 4 tests from SixParameterCostFunctorTest
[ RUN      ] SixParameterCostFunctorTest.TestSixParameterResiduals
[       OK ] SixParameterCostFunctorTest.TestSixParameterResiduals (0 ms)
[ RUN      ] SixParameterCostFunctorTest.TestSixParameterJacobian
[       OK ] SixParameterCostFunctorTest.TestSixParameterJacobian (0 ms)
[ RUN      ] SixParameterCostFunctorTest.TestSixParameterJacobianVVCVVC
[       OK ] SixParameterCostFunctorTest.TestSixParameterJacobianVVCVVC (0 ms)
[ RUN      ] SixParameterCostFunctorTest.TestSixParameterJacobianVCCVCV
[       OK ] SixParameterCostFunctorTest.TestSixParameterJacobianVCCVCV (0 ms)
[----------] 4 tests from SixParameterCostFunctorTest (0 ms total)

[----------] 1 test from DynamicAutoDiffCostFunction
[ RUN      ] DynamicAutoDiffCostFunction.EvaluateWithEmptyJacobiansArrayComputesResidual
[       OK ] DynamicAutoDiffCostFunction.EvaluateWithEmptyJacobiansArrayComputesResidual (0 ms)
[----------] 1 test from DynamicAutoDiffCostFunction (0 ms total)

[----------] Global test environment tear-down
[==========] 13 tests from 4 test suites ran. (0 ms total)
[  PASSED  ] 13 tests.
<end of output>
Test time =   0.00 sec
----------------------------------------------------------
Test Passed.
"dynamic_autodiff_cost_function_test" end time: Jul 05 16:41 IST
"dynamic_autodiff_cost_function_test" time elapsed: 00:00:00
----------------------------------------------------------

33/165 Testing: dynamic_compressed_row_sparse_matrix_test
33/165 Test: dynamic_compressed_row_sparse_matrix_test
Command: "/home/drone/Documents/ceres-bin/bin/dynamic_compressed_row_sparse_matrix_test" "--test_srcdir" "/home/drone/Documents/ceres-solver/data"
Directory: /home/drone/Documents/ceres-bin/internal/ceres
"dynamic_compressed_row_sparse_matrix_test" start time: Jul 05 16:41 IST
Output:
----------------------------------------------------------
Running main() from gmock_main.cc
[==========] Running 3 tests from 1 test suite.
[----------] Global test environment set-up.
[----------] 3 tests from DynamicCompressedRowSparseMatrixTest
[ RUN      ] DynamicCompressedRowSparseMatrixTest.Initialization
[       OK ] DynamicCompressedRowSparseMatrixTest.Initialization (0 ms)
[ RUN      ] DynamicCompressedRowSparseMatrixTest.InsertEntryAndFinalize
[       OK ] DynamicCompressedRowSparseMatrixTest.InsertEntryAndFinalize (0 ms)
[ RUN      ] DynamicCompressedRowSparseMatrixTest.ClearRows
[       OK ] DynamicCompressedRowSparseMatrixTest.ClearRows (0 ms)
[----------] 3 tests from DynamicCompressedRowSparseMatrixTest (0 ms total)

[----------] Global test environment tear-down
[==========] 3 tests from 1 test suite ran. (0 ms total)
[  PASSED  ] 3 tests.
<end of output>
Test time =   0.00 sec
----------------------------------------------------------
Test Passed.
"dynamic_compressed_row_sparse_matrix_test" end time: Jul 05 16:41 IST
"dynamic_compressed_row_sparse_matrix_test" time elapsed: 00:00:00
----------------------------------------------------------

34/165 Testing: dynamic_numeric_diff_cost_function_test
34/165 Test: dynamic_numeric_diff_cost_function_test
Command: "/home/drone/Documents/ceres-bin/bin/dynamic_numeric_diff_cost_function_test" "--test_srcdir" "/home/drone/Documents/ceres-solver/data"
Directory: /home/drone/Documents/ceres-bin/internal/ceres
"dynamic_numeric_diff_cost_function_test" start time: Jul 05 16:41 IST
Output:
----------------------------------------------------------
Running main() from gmock_main.cc
[==========] Running 8 tests from 2 test suites.
[----------] Global test environment set-up.
[----------] 4 tests from DynamicNumericdiffCostFunctionTest
[ RUN      ] DynamicNumericdiffCostFunctionTest.TestResiduals
[       OK ] DynamicNumericdiffCostFunctionTest.TestResiduals (0 ms)
[ RUN      ] DynamicNumericdiffCostFunctionTest.TestJacobian
[       OK ] DynamicNumericdiffCostFunctionTest.TestJacobian (0 ms)
[ RUN      ] DynamicNumericdiffCostFunctionTest.JacobianWithFirstParameterBlockConstant
[       OK ] DynamicNumericdiffCostFunctionTest.JacobianWithFirstParameterBlockConstant (0 ms)
[ RUN      ] DynamicNumericdiffCostFunctionTest.JacobianWithSecondParameterBlockConstant
[       OK ] DynamicNumericdiffCostFunctionTest.JacobianWithSecondParameterBlockConstant (0 ms)
[----------] 4 tests from DynamicNumericdiffCostFunctionTest (0 ms total)

[----------] 4 tests from ThreeParameterCostFunctorTest
[ RUN      ] ThreeParameterCostFunctorTest.TestThreeParameterResiduals
[       OK ] ThreeParameterCostFunctorTest.TestThreeParameterResiduals (0 ms)
[ RUN      ] ThreeParameterCostFunctorTest.TestThreeParameterJacobian
[       OK ] ThreeParameterCostFunctorTest.TestThreeParameterJacobian (0 ms)
[ RUN      ] ThreeParameterCostFunctorTest.ThreeParameterJacobianWithFirstAndLastParameterBlockConstant
[       OK ] ThreeParameterCostFunctorTest.ThreeParameterJacobianWithFirstAndLastParameterBlockConstant (0 ms)
[ RUN      ] ThreeParameterCostFunctorTest.ThreeParameterJacobianWithSecondParameterBlockConstant
[       OK ] ThreeParameterCostFunctorTest.ThreeParameterJacobianWithSecondParameterBlockConstant (0 ms)
[----------] 4 tests from ThreeParameterCostFunctorTest (0 ms total)

[----------] Global test environment tear-down
[==========] 8 tests from 2 test suites ran. (0 ms total)
[  PASSED  ] 8 tests.
<end of output>
Test time =   0.00 sec
----------------------------------------------------------
Test Passed.
"dynamic_numeric_diff_cost_function_test" end time: Jul 05 16:41 IST
"dynamic_numeric_diff_cost_function_test" time elapsed: 00:00:00
----------------------------------------------------------

35/165 Testing: dynamic_sparse_normal_cholesky_solver_test
35/165 Test: dynamic_sparse_normal_cholesky_solver_test
Command: "/home/drone/Documents/ceres-bin/bin/dynamic_sparse_normal_cholesky_solver_test" "--test_srcdir" "/home/drone/Documents/ceres-solver/data"
Directory: /home/drone/Documents/ceres-bin/internal/ceres
"dynamic_sparse_normal_cholesky_solver_test" start time: Jul 05 16:41 IST
Output:
----------------------------------------------------------
Running main() from gmock_main.cc
[==========] Running 2 tests from 1 test suite.
[----------] Global test environment set-up.
[----------] 2 tests from DynamicSparseNormalCholeskySolverTest
[ RUN      ] DynamicSparseNormalCholeskySolverTest.SuiteSparseAMD
[       OK ] DynamicSparseNormalCholeskySolverTest.SuiteSparseAMD (0 ms)
[ RUN      ] DynamicSparseNormalCholeskySolverTest.EigenAMD
[       OK ] DynamicSparseNormalCholeskySolverTest.EigenAMD (0 ms)
[----------] 2 tests from DynamicSparseNormalCholeskySolverTest (0 ms total)

[----------] Global test environment tear-down
[==========] 2 tests from 1 test suite ran. (0 ms total)
[  PASSED  ] 2 tests.
<end of output>
Test time =   0.00 sec
----------------------------------------------------------
Test Passed.
"dynamic_sparse_normal_cholesky_solver_test" end time: Jul 05 16:41 IST
"dynamic_sparse_normal_cholesky_solver_test" time elapsed: 00:00:00
----------------------------------------------------------

36/165 Testing: dynamic_sparsity_test
36/165 Test: dynamic_sparsity_test
Command: "/home/drone/Documents/ceres-bin/bin/dynamic_sparsity_test" "--test_srcdir" "/home/drone/Documents/ceres-solver/data"
Directory: /home/drone/Documents/ceres-bin/internal/ceres
"dynamic_sparsity_test" start time: Jul 05 16:41 IST
Output:
----------------------------------------------------------
Running main() from gmock_main.cc
[==========] Running 1 test from 1 test suite.
[----------] Global test environment set-up.
[----------] 1 test from DynamicSparsity
[ RUN      ] DynamicSparsity.StaticAndDynamicSparsityProduceSameSolution
[       OK ] DynamicSparsity.StaticAndDynamicSparsityProduceSameSolution (1226 ms)
[----------] 1 test from DynamicSparsity (1226 ms total)

[----------] Global test environment tear-down
[==========] 1 test from 1 test suite ran. (1226 ms total)
[  PASSED  ] 1 test.
<end of output>
Test time =   1.23 sec
----------------------------------------------------------
Test Passed.
"dynamic_sparsity_test" end time: Jul 05 16:41 IST
"dynamic_sparsity_test" time elapsed: 00:00:01
----------------------------------------------------------

37/165 Testing: evaluation_callback_test
37/165 Test: evaluation_callback_test
Command: "/home/drone/Documents/ceres-bin/bin/evaluation_callback_test" "--test_srcdir" "/home/drone/Documents/ceres-solver/data"
Directory: /home/drone/Documents/ceres-bin/internal/ceres
"evaluation_callback_test" start time: Jul 05 16:41 IST
Output:
----------------------------------------------------------
Running main() from gmock_main.cc
[==========] Running 9 tests from 1 test suite.
[----------] Global test environment set-up.
[----------] 9 tests from EvaluationCallback
[ RUN      ] EvaluationCallback.WithTrustRegionMinimizer
[       OK ] EvaluationCallback.WithTrustRegionMinimizer (0 ms)
[ RUN      ] EvaluationCallback.EvaluationCallbackIsCalledBeforeFixedCostIsEvaluated
[       OK ] EvaluationCallback.EvaluationCallbackIsCalledBeforeFixedCostIsEvaluated (0 ms)
[ RUN      ] EvaluationCallback.WithLineSearchMinimizerWolfeLbfgsCubic
[       OK ] EvaluationCallback.WithLineSearchMinimizerWolfeLbfgsCubic (0 ms)
[ RUN      ] EvaluationCallback.WithLineSearchMinimizerWolfeLbfgsQuadratic
[       OK ] EvaluationCallback.WithLineSearchMinimizerWolfeLbfgsQuadratic (0 ms)
[ RUN      ] EvaluationCallback.WithLineSearchMinimizerWolfeBfgsCubic
[       OK ] EvaluationCallback.WithLineSearchMinimizerWolfeBfgsCubic (0 ms)
[ RUN      ] EvaluationCallback.WithLineSearchMinimizerWolfeBfgsQuadratic
[       OK ] EvaluationCallback.WithLineSearchMinimizerWolfeBfgsQuadratic (0 ms)
[ RUN      ] EvaluationCallback.WithLineSearchMinimizerArmijoCubic
[       OK ] EvaluationCallback.WithLineSearchMinimizerArmijoCubic (0 ms)
[ RUN      ] EvaluationCallback.WithLineSearchMinimizerArmijoBisection
[       OK ] EvaluationCallback.WithLineSearchMinimizerArmijoBisection (0 ms)
[ RUN      ] EvaluationCallback.WithLineSearchMinimizerArmijoQuadratic
[       OK ] EvaluationCallback.WithLineSearchMinimizerArmijoQuadratic (0 ms)
[----------] 9 tests from EvaluationCallback (2 ms total)

[----------] Global test environment tear-down
[==========] 9 tests from 1 test suite ran. (2 ms total)
[  PASSED  ] 9 tests.
<end of output>
Test time =   0.00 sec
----------------------------------------------------------
Test Passed.
"evaluation_callback_test" end time: Jul 05 16:41 IST
"evaluation_callback_test" time elapsed: 00:00:00
----------------------------------------------------------

38/165 Testing: evaluator_test
38/165 Test: evaluator_test
Command: "/home/drone/Documents/ceres-bin/bin/evaluator_test" "--test_srcdir" "/home/drone/Documents/ceres-solver/data"
Directory: /home/drone/Documents/ceres-bin/internal/ceres
"evaluator_test" start time: Jul 05 16:41 IST
Output:
----------------------------------------------------------
Running main() from gmock_main.cc
[==========] Running 145 tests from 2 test suites.
[----------] Global test environment set-up.
[----------] 1 test from Evaluator
[ RUN      ] Evaluator.EvaluatorRespectsParameterChanges
[       OK ] Evaluator.EvaluatorRespectsParameterChanges (0 ms)
[----------] 1 test from Evaluator (0 ms total)

[----------] 144 tests from LinearSolvers/EvaluatorTest
[ RUN      ] LinearSolvers/EvaluatorTest.SingleResidualProblem/0
[       OK ] LinearSolvers/EvaluatorTest.SingleResidualProblem/0 (0 ms)
[ RUN      ] LinearSolvers/EvaluatorTest.SingleResidualProblem/1
[       OK ] LinearSolvers/EvaluatorTest.SingleResidualProblem/1 (0 ms)
[ RUN      ] LinearSolvers/EvaluatorTest.SingleResidualProblem/2
[       OK ] LinearSolvers/EvaluatorTest.SingleResidualProblem/2 (0 ms)
[ RUN      ] LinearSolvers/EvaluatorTest.SingleResidualProblem/3
[       OK ] LinearSolvers/EvaluatorTest.SingleResidualProblem/3 (0 ms)
[ RUN      ] LinearSolvers/EvaluatorTest.SingleResidualProblem/4
[       OK ] LinearSolvers/EvaluatorTest.SingleResidualProblem/4 (0 ms)
[ RUN      ] LinearSolvers/EvaluatorTest.SingleResidualProblem/5
[       OK ] LinearSolvers/EvaluatorTest.SingleResidualProblem/5 (0 ms)
[ RUN      ] LinearSolvers/EvaluatorTest.SingleResidualProblem/6
[       OK ] LinearSolvers/EvaluatorTest.SingleResidualProblem/6 (0 ms)
[ RUN      ] LinearSolvers/EvaluatorTest.SingleResidualProblem/7
[       OK ] LinearSolvers/EvaluatorTest.SingleResidualProblem/7 (0 ms)
[ RUN      ] LinearSolvers/EvaluatorTest.SingleResidualProblem/8
[       OK ] LinearSolvers/EvaluatorTest.SingleResidualProblem/8 (0 ms)
[ RUN      ] LinearSolvers/EvaluatorTest.SingleResidualProblem/9
[       OK ] LinearSolvers/EvaluatorTest.SingleResidualProblem/9 (0 ms)
[ RUN      ] LinearSolvers/EvaluatorTest.SingleResidualProblem/10
[       OK ] LinearSolvers/EvaluatorTest.SingleResidualProblem/10 (0 ms)
[ RUN      ] LinearSolvers/EvaluatorTest.SingleResidualProblem/11
[       OK ] LinearSolvers/EvaluatorTest.SingleResidualProblem/11 (0 ms)
[ RUN      ] LinearSolvers/EvaluatorTest.SingleResidualProblem/12
[       OK ] LinearSolvers/EvaluatorTest.SingleResidualProblem/12 (0 ms)
[ RUN      ] LinearSolvers/EvaluatorTest.SingleResidualProblem/13
[       OK ] LinearSolvers/EvaluatorTest.SingleResidualProblem/13 (0 ms)
[ RUN      ] LinearSolvers/EvaluatorTest.SingleResidualProblem/14
[       OK ] LinearSolvers/EvaluatorTest.SingleResidualProblem/14 (0 ms)
[ RUN      ] LinearSolvers/EvaluatorTest.SingleResidualProblem/15
[       OK ] LinearSolvers/EvaluatorTest.SingleResidualProblem/15 (0 ms)
[ RUN      ] LinearSolvers/EvaluatorTest.SingleResidualProblem/16
[       OK ] LinearSolvers/EvaluatorTest.SingleResidualProblem/16 (0 ms)
[ RUN      ] LinearSolvers/EvaluatorTest.SingleResidualProblem/17
[       OK ] LinearSolvers/EvaluatorTest.SingleResidualProblem/17 (0 ms)
[ RUN      ] LinearSolvers/EvaluatorTest.SingleResidualProblemWithPermutedParameters/0
[       OK ] LinearSolvers/EvaluatorTest.SingleResidualProblemWithPermutedParameters/0 (0 ms)
[ RUN      ] LinearSolvers/EvaluatorTest.SingleResidualProblemWithPermutedParameters/1
[       OK ] LinearSolvers/EvaluatorTest.SingleResidualProblemWithPermutedParameters/1 (0 ms)
[ RUN      ] LinearSolvers/EvaluatorTest.SingleResidualProblemWithPermutedParameters/2
[       OK ] LinearSolvers/EvaluatorTest.SingleResidualProblemWithPermutedParameters/2 (0 ms)
[ RUN      ] LinearSolvers/EvaluatorTest.SingleResidualProblemWithPermutedParameters/3
[       OK ] LinearSolvers/EvaluatorTest.SingleResidualProblemWithPermutedParameters/3 (0 ms)
[...]
"ba_denseschur_lapack_user_threads_test" start time: Jul 05 16:43 IST
Output:
----------------------------------------------------------
Running main() from gmock_main.cc
[==========] Running 1 test from 1 test suite.
[----------] Global test environment set-up.
[----------] 1 test from BundleAdjustmentTest
[ RUN      ] BundleAdjustmentTest.DenseSchur_Lapack_UserOrdering_Threads
[       OK ] BundleAdjustmentTest.DenseSchur_Lapack_UserOrdering_Threads (1856 ms)
[----------] 1 test from BundleAdjustmentTest (1856 ms total)

[----------] Global test environment tear-down
[==========] 1 test from 1 test suite ran. (1856 ms total)
[  PASSED  ] 1 test.
<end of output>
Test time =   1.86 sec
----------------------------------------------------------
Test Passed.
"ba_denseschur_lapack_user_threads_test" end time: Jul 05 16:43 IST
"ba_denseschur_lapack_user_threads_test" time elapsed: 00:00:01
----------------------------------------------------------

151/165 Testing: ba_denseschur_cuda_user_threads_test
151/165 Test: ba_denseschur_cuda_user_threads_test
Command: "/home/drone/Documents/ceres-bin/bin/ba_denseschur_cuda_user_threads_test" "--test_srcdir" "/home/drone/Documents/ceres-solver/data"
Directory: /home/drone/Documents/ceres-bin/internal/ceres/generated_bundle_adjustment_tests
"ba_denseschur_cuda_user_threads_test" start time: Jul 05 16:43 IST
Output:
----------------------------------------------------------
Running main() from gmock_main.cc
[==========] Running 0 tests from 0 test suites.
[==========] 0 tests from 0 test suites ran. (0 ms total)
[  PASSED  ] 0 tests.
<end of output>
Test time =   0.00 sec
----------------------------------------------------------
Test Passed.
"ba_denseschur_cuda_user_threads_test" end time: Jul 05 16:43 IST
"ba_denseschur_cuda_user_threads_test" time elapsed: 00:00:00
----------------------------------------------------------

152/165 Testing: ba_sparsecholesky_suitesparse_user_threads_test
152/165 Test: ba_sparsecholesky_suitesparse_user_threads_test
Command: "/home/drone/Documents/ceres-bin/bin/ba_sparsecholesky_suitesparse_user_threads_test" "--test_srcdir" "/home/drone/Documents/ceres-solver/data"
Directory: /home/drone/Documents/ceres-bin/internal/ceres/generated_bundle_adjustment_tests
"ba_sparsecholesky_suitesparse_user_threads_test" start time: Jul 05 16:43 IST
Output:
----------------------------------------------------------
Running main() from gmock_main.cc
[==========] Running 1 test from 1 test suite.
[----------] Global test environment set-up.
[----------] 1 test from BundleAdjustmentTest
[ RUN      ] BundleAdjustmentTest.SparseNormalCholesky_SuiteSparse_UserOrdering_Threads
[       OK ] BundleAdjustmentTest.SparseNormalCholesky_SuiteSparse_UserOrdering_Threads (3211 ms)
[----------] 1 test from BundleAdjustmentTest (3212 ms total)

[----------] Global test environment tear-down
[==========] 1 test from 1 test suite ran. (3212 ms total)
[  PASSED  ] 1 test.
<end of output>
Test time =   3.22 sec
----------------------------------------------------------
Test Passed.
"ba_sparsecholesky_suitesparse_user_threads_test" end time: Jul 05 16:43 IST
"ba_sparsecholesky_suitesparse_user_threads_test" time elapsed: 00:00:03
----------------------------------------------------------

153/165 Testing: ba_sparsecholesky_eigensparse_user_threads_test
153/165 Test: ba_sparsecholesky_eigensparse_user_threads_test
Command: "/home/drone/Documents/ceres-bin/bin/ba_sparsecholesky_eigensparse_user_threads_test" "--test_srcdir" "/home/drone/Documents/ceres-solver/data"
Directory: /home/drone/Documents/ceres-bin/internal/ceres/generated_bundle_adjustment_tests
"ba_sparsecholesky_eigensparse_user_threads_test" start time: Jul 05 16:43 IST
Output:
----------------------------------------------------------
Running main() from gmock_main.cc
[==========] Running 1 test from 1 test suite.
[----------] Global test environment set-up.
[----------] 1 test from BundleAdjustmentTest
[ RUN      ] BundleAdjustmentTest.SparseNormalCholesky_EigenSparse_UserOrdering_Threads
[       OK ] BundleAdjustmentTest.SparseNormalCholesky_EigenSparse_UserOrdering_Threads (2954 ms)
[----------] 1 test from BundleAdjustmentTest (2954 ms total)

[----------] Global test environment tear-down
[==========] 1 test from 1 test suite ran. (2954 ms total)
[  PASSED  ] 1 test.
<end of output>
Test time =   2.96 sec
----------------------------------------------------------
Test Passed.
"ba_sparsecholesky_eigensparse_user_threads_test" end time: Jul 05 16:43 IST
"ba_sparsecholesky_eigensparse_user_threads_test" time elapsed: 00:00:02
----------------------------------------------------------

154/165 Testing: ba_sparsecholesky_acceleratesparse_user_threads_test
154/165 Test: ba_sparsecholesky_acceleratesparse_user_threads_test
Command: "/home/drone/Documents/ceres-bin/bin/ba_sparsecholesky_acceleratesparse_user_threads_test" "--test_srcdir" "/home/drone/Documents/ceres-solver/data"
Directory: /home/drone/Documents/ceres-bin/internal/ceres/generated_bundle_adjustment_tests
"ba_sparsecholesky_acceleratesparse_user_threads_test" start time: Jul 05 16:43 IST
Output:
----------------------------------------------------------
Running main() from gmock_main.cc
[==========] Running 0 tests from 0 test suites.
[==========] 0 tests from 0 test suites ran. (0 ms total)
[  PASSED  ] 0 tests.
<end of output>
Test time =   0.00 sec
----------------------------------------------------------
Test Passed.
"ba_sparsecholesky_acceleratesparse_user_threads_test" end time: Jul 05 16:43 IST
"ba_sparsecholesky_acceleratesparse_user_threads_test" time elapsed: 00:00:00
----------------------------------------------------------

155/165 Testing: ba_sparseschur_suitesparse_user_threads_test
155/165 Test: ba_sparseschur_suitesparse_user_threads_test
Command: "/home/drone/Documents/ceres-bin/bin/ba_sparseschur_suitesparse_user_threads_test" "--test_srcdir" "/home/drone/Documents/ceres-solver/data"
Directory: /home/drone/Documents/ceres-bin/internal/ceres/generated_bundle_adjustment_tests
"ba_sparseschur_suitesparse_user_threads_test" start time: Jul 05 16:43 IST
Output:
----------------------------------------------------------
Running main() from gmock_main.cc
[==========] Running 1 test from 1 test suite.
[----------] Global test environment set-up.
[----------] 1 test from BundleAdjustmentTest
[ RUN      ] BundleAdjustmentTest.SparseSchur_SuiteSparse_UserOrdering_Threads
[       OK ] BundleAdjustmentTest.SparseSchur_SuiteSparse_UserOrdering_Threads (1830 ms)
[----------] 1 test from BundleAdjustmentTest (1830 ms total)

[----------] Global test environment tear-down
[==========] 1 test from 1 test suite ran. (1830 ms total)
[  PASSED  ] 1 test.
<end of output>
Test time =   1.84 sec
----------------------------------------------------------
Test Passed.
"ba_sparseschur_suitesparse_user_threads_test" end time: Jul 05 16:43 IST
"ba_sparseschur_suitesparse_user_threads_test" time elapsed: 00:00:01
----------------------------------------------------------

156/165 Testing: ba_sparseschur_eigensparse_user_threads_test
156/165 Test: ba_sparseschur_eigensparse_user_threads_test
Command: "/home/drone/Documents/ceres-bin/bin/ba_sparseschur_eigensparse_user_threads_test" "--test_srcdir" "/home/drone/Documents/ceres-solver/data"
Directory: /home/drone/Documents/ceres-bin/internal/ceres/generated_bundle_adjustment_tests
"ba_sparseschur_eigensparse_user_threads_test" start time: Jul 05 16:43 IST
Output:
----------------------------------------------------------
Running main() from gmock_main.cc
[==========] Running 1 test from 1 test suite.
[----------] Global test environment set-up.
[----------] 1 test from BundleAdjustmentTest
[ RUN      ] BundleAdjustmentTest.SparseSchur_EigenSparse_UserOrdering_Threads
[       OK ] BundleAdjustmentTest.SparseSchur_EigenSparse_UserOrdering_Threads (1831 ms)
[----------] 1 test from BundleAdjustmentTest (1831 ms total)

[----------] Global test environment tear-down
[==========] 1 test from 1 test suite ran. (1831 ms total)
[  PASSED  ] 1 test.
<end of output>
Test time =   1.84 sec
----------------------------------------------------------
Test Passed.
"ba_sparseschur_eigensparse_user_threads_test" end time: Jul 05 16:43 IST
"ba_sparseschur_eigensparse_user_threads_test" time elapsed: 00:00:01
----------------------------------------------------------

157/165 Testing: ba_sparseschur_acceleratesparse_user_threads_test
157/165 Test: ba_sparseschur_acceleratesparse_user_threads_test
Command: "/home/drone/Documents/ceres-bin/bin/ba_sparseschur_acceleratesparse_user_threads_test" "--test_srcdir" "/home/drone/Documents/ceres-solver/data"
Directory: /home/drone/Documents/ceres-bin/internal/ceres/generated_bundle_adjustment_tests
"ba_sparseschur_acceleratesparse_user_threads_test" start time: Jul 05 16:43 IST
Output:
----------------------------------------------------------
Running main() from gmock_main.cc
[==========] Running 0 tests from 0 test suites.
[==========] 0 tests from 0 test suites ran. (0 ms total)
[  PASSED  ] 0 tests.
<end of output>
Test time =   0.00 sec
----------------------------------------------------------
Test Passed.
"ba_sparseschur_acceleratesparse_user_threads_test" end time: Jul 05 16:43 IST
"ba_sparseschur_acceleratesparse_user_threads_test" time elapsed: 00:00:00
----------------------------------------------------------

158/165 Testing: ba_iterschur_jacobi_user_threads_test
158/165 Test: ba_iterschur_jacobi_user_threads_test
Command: "/home/drone/Documents/ceres-bin/bin/ba_iterschur_jacobi_user_threads_test" "--test_srcdir" "/home/drone/Documents/ceres-solver/data"
Directory: /home/drone/Documents/ceres-bin/internal/ceres/generated_bundle_adjustment_tests
"ba_iterschur_jacobi_user_threads_test" start time: Jul 05 16:43 IST
Output:
----------------------------------------------------------
Running main() from gmock_main.cc
[==========] Running 1 test from 1 test suite.
[----------] Global test environment set-up.
[----------] 1 test from BundleAdjustmentTest
[ RUN      ] BundleAdjustmentTest.IterativeSchur_Jacobi_UserOrdering_Threads
[       OK ] BundleAdjustmentTest.IterativeSchur_Jacobi_UserOrdering_Threads (2639 ms)
[----------] 1 test from BundleAdjustmentTest (2639 ms total)

[----------] Global test environment tear-down
[==========] 1 test from 1 test suite ran. (2639 ms total)
[  PASSED  ] 1 test.
<end of output>
Test time =   2.65 sec
----------------------------------------------------------
Test Passed.
"ba_iterschur_jacobi_user_threads_test" end time: Jul 05 16:43 IST
"ba_iterschur_jacobi_user_threads_test" time elapsed: 00:00:02
----------------------------------------------------------

159/165 Testing: ba_iterschur_schurjacobi_user_threads_test
159/165 Test: ba_iterschur_schurjacobi_user_threads_test
Command: "/home/drone/Documents/ceres-bin/bin/ba_iterschur_schurjacobi_user_threads_test" "--test_srcdir" "/home/drone/Documents/ceres-solver/data"
Directory: /home/drone/Documents/ceres-bin/internal/ceres/generated_bundle_adjustment_tests
"ba_iterschur_schurjacobi_user_threads_test" start time: Jul 05 16:43 IST
Output:
----------------------------------------------------------
Running main() from gmock_main.cc
[==========] Running 1 test from 1 test suite.
[----------] Global test environment set-up.
[----------] 1 test from BundleAdjustmentTest
[ RUN      ] BundleAdjustmentTest.IterativeSchur_SchurJacobi_UserOrdering_Threads
[       OK ] BundleAdjustmentTest.IterativeSchur_SchurJacobi_UserOrdering_Threads (2460 ms)
[----------] 1 test from BundleAdjustmentTest (2460 ms total)

[----------] Global test environment tear-down
[==========] 1 test from 1 test suite ran. (2460 ms total)
[  PASSED  ] 1 test.
<end of output>
Test time =   2.47 sec
----------------------------------------------------------
Test Passed.
"ba_iterschur_schurjacobi_user_threads_test" end time: Jul 05 16:43 IST
"ba_iterschur_schurjacobi_user_threads_test" time elapsed: 00:00:02
----------------------------------------------------------

160/165 Testing: ba_iterschur_suitesparse_clustjacobi_user_threads_test
160/165 Test: ba_iterschur_suitesparse_clustjacobi_user_threads_test
Command: "/home/drone/Documents/ceres-bin/bin/ba_iterschur_suitesparse_clustjacobi_user_threads_test" "--test_srcdir" "/home/drone/Documents/ceres-solver/data"
Directory: /home/drone/Documents/ceres-bin/internal/ceres/generated_bundle_adjustment_tests
"ba_iterschur_suitesparse_clustjacobi_user_threads_test" start time: Jul 05 16:43 IST
Output:
----------------------------------------------------------
Running main() from gmock_main.cc
[==========] Running 1 test from 1 test suite.
[----------] Global test environment set-up.
[----------] 1 test from BundleAdjustmentTest
[ RUN      ] BundleAdjustmentTest.IterativeSchur_SuiteSparse_ClusterJacobi_UserOrdering_Threads
[       OK ] BundleAdjustmentTest.IterativeSchur_SuiteSparse_ClusterJacobi_UserOrdering_Threads (2475 ms)
[----------] 1 test from BundleAdjustmentTest (2475 ms total)

[----------] Global test environment tear-down
[==========] 1 test from 1 test suite ran. (2475 ms total)
[  PASSED  ] 1 test.
<end of output>
Test time =   2.48 sec
----------------------------------------------------------
Test Passed.
"ba_iterschur_suitesparse_clustjacobi_user_threads_test" end time: Jul 05 16:43 IST
"ba_iterschur_suitesparse_clustjacobi_user_threads_test" time elapsed: 00:00:02
----------------------------------------------------------

161/165 Testing: ba_iterschur_eigensparse_clustjacobi_user_threads_test
161/165 Test: ba_iterschur_eigensparse_clustjacobi_user_threads_test
Command: "/home/drone/Documents/ceres-bin/bin/ba_iterschur_eigensparse_clustjacobi_user_threads_test" "--test_srcdir" "/home/drone/Documents/ceres-solver/data"
Directory: /home/drone/Documents/ceres-bin/internal/ceres/generated_bundle_adjustment_tests
"ba_iterschur_eigensparse_clustjacobi_user_threads_test" start time: Jul 05 16:43 IST
Output:
----------------------------------------------------------
Running main() from gmock_main.cc
[==========] Running 1 test from 1 test suite.
[----------] Global test environment set-up.
[----------] 1 test from BundleAdjustmentTest
[ RUN      ] BundleAdjustmentTest.IterativeSchur_EigenSparse_ClusterJacobi_UserOrdering_Threads
[       OK ] BundleAdjustmentTest.IterativeSchur_EigenSparse_ClusterJacobi_UserOrdering_Threads (2456 ms)
[----------] 1 test from BundleAdjustmentTest (2456 ms total)

[----------] Global test environment tear-down
[==========] 1 test from 1 test suite ran. (2457 ms total)
[  PASSED  ] 1 test.
<end of output>
Test time =   2.47 sec
----------------------------------------------------------
Test Passed.
"ba_iterschur_eigensparse_clustjacobi_user_threads_test" end time: Jul 05 16:43 IST
"ba_iterschur_eigensparse_clustjacobi_user_threads_test" time elapsed: 00:00:02
----------------------------------------------------------

162/165 Testing: ba_iterschur_acceleratesparse_clustjacobi_user_threads_test
162/165 Test: ba_iterschur_acceleratesparse_clustjacobi_user_threads_test
Command: "/home/drone/Documents/ceres-bin/bin/ba_iterschur_acceleratesparse_clustjacobi_user_threads_test" "--test_srcdir" "/home/drone/Documents/ceres-solver/data"
Directory: /home/drone/Documents/ceres-bin/internal/ceres/generated_bundle_adjustment_tests
"ba_iterschur_acceleratesparse_clustjacobi_user_threads_test" start time: Jul 05 16:43 IST
Output:
----------------------------------------------------------
Running main() from gmock_main.cc
[==========] Running 0 tests from 0 test suites.
[==========] 0 tests from 0 test suites ran. (0 ms total)
[  PASSED  ] 0 tests.
<end of output>
Test time =   0.00 sec
----------------------------------------------------------
Test Passed.
"ba_iterschur_acceleratesparse_clustjacobi_user_threads_test" end time: Jul 05 16:43 IST
"ba_iterschur_acceleratesparse_clustjacobi_user_threads_test" time elapsed: 00:00:00
----------------------------------------------------------

163/165 Testing: ba_iterschur_suitesparse_clusttri_user_threads_test
163/165 Test: ba_iterschur_suitesparse_clusttri_user_threads_test
Command: "/home/drone/Documents/ceres-bin/bin/ba_iterschur_suitesparse_clusttri_user_threads_test" "--test_srcdir" "/home/drone/Documents/ceres-solver/data"
Directory: /home/drone/Documents/ceres-bin/internal/ceres/generated_bundle_adjustment_tests
"ba_iterschur_suitesparse_clusttri_user_threads_test" start time: Jul 05 16:43 IST
Output:
----------------------------------------------------------
Running main() from gmock_main.cc
[==========] Running 1 test from 1 test suite.
[----------] Global test environment set-up.
[----------] 1 test from BundleAdjustmentTest
[ RUN      ] BundleAdjustmentTest.IterativeSchur_SuiteSparse_ClusterTridiagonal_UserOrdering_Threads
[       OK ] BundleAdjustmentTest.IterativeSchur_SuiteSparse_ClusterTridiagonal_UserOrdering_Threads (2489 ms)
[----------] 1 test from BundleAdjustmentTest (2489 ms total)

[----------] Global test environment tear-down
[==========] 1 test from 1 test suite ran. (2489 ms total)
[  PASSED  ] 1 test.
<end of output>
Test time =   2.50 sec
----------------------------------------------------------
Test Passed.
"ba_iterschur_suitesparse_clusttri_user_threads_test" end time: Jul 05 16:43 IST
"ba_iterschur_suitesparse_clusttri_user_threads_test" time elapsed: 00:00:02
----------------------------------------------------------

164/165 Testing: ba_iterschur_eigensparse_clusttri_user_threads_test
164/165 Test: ba_iterschur_eigensparse_clusttri_user_threads_test
Command: "/home/drone/Documents/ceres-bin/bin/ba_iterschur_eigensparse_clusttri_user_threads_test" "--test_srcdir" "/home/drone/Documents/ceres-solver/data"
Directory: /home/drone/Documents/ceres-bin/internal/ceres/generated_bundle_adjustment_tests
"ba_iterschur_eigensparse_clusttri_user_threads_test" start time: Jul 05 16:43 IST
Output:
----------------------------------------------------------
Running main() from gmock_main.cc
[==========] Running 1 test from 1 test suite.
[----------] Global test environment set-up.
[----------] 1 test from BundleAdjustmentTest
[ RUN      ] BundleAdjustmentTest.IterativeSchur_EigenSparse_ClusterTridiagonal_UserOrdering_Threads
[       OK ] BundleAdjustmentTest.IterativeSchur_EigenSparse_ClusterTridiagonal_UserOrdering_Threads (2357 ms)
[----------] 1 test from BundleAdjustmentTest (2357 ms total)

[----------] Global test environment tear-down
[==========] 1 test from 1 test suite ran. (2357 ms total)
[  PASSED  ] 1 test.
<end of output>
Test time =   2.37 sec
----------------------------------------------------------
Test Passed.
"ba_iterschur_eigensparse_clusttri_user_threads_test" end time: Jul 05 16:43 IST
"ba_iterschur_eigensparse_clusttri_user_threads_test" time elapsed: 00:00:02
----------------------------------------------------------

165/165 Testing: ba_iterschur_acceleratesparse_clusttri_user_threads_test
165/165 Test: ba_iterschur_acceleratesparse_clusttri_user_threads_test
Command: "/home/drone/Documents/ceres-bin/bin/ba_iterschur_acceleratesparse_clusttri_user_threads_test" "--test_srcdir" "/home/drone/Documents/ceres-solver/data"
Directory: /home/drone/Documents/ceres-bin/internal/ceres/generated_bundle_adjustment_tests
"ba_iterschur_acceleratesparse_clusttri_user_threads_test" start time: Jul 05 16:43 IST
Output:
----------------------------------------------------------
Running main() from gmock_main.cc
[==========] Running 0 tests from 0 test suites.
[==========] 0 tests from 0 test suites ran. (0 ms total)
[  PASSED  ] 0 tests.
<end of output>
Test time =   0.00 sec
----------------------------------------------------------
Test Passed.
"ba_iterschur_acceleratesparse_clusttri_user_threads_test" end time: Jul 05 16:43 IST
"ba_iterschur_acceleratesparse_clusttri_user_threads_test" time elapsed: 00:00:00
----------------------------------------------------------

End testing: Jul 05 16:43 IST
